#
# There is insufficient memory for the Java Runtime Environment to continue.
# Native memory allocation (mmap) failed to map 708837376 bytes for Failed to commit area from 0x0000000095200000 to 0x00000000bf600000 of length 708837376.
# Possible reasons:
#   The system is out of physical RAM or swap space
#   The process is running with CompressedOops enabled, and the Java Heap may be blocking the growth of the native heap
# Possible solutions:
#   Reduce memory load on the system
#   Increase physical memory or swap space
#   Check if swap backing store is full
#   Decrease Java heap size (-Xmx/-Xms)
#   Decrease number of Java threads
#   Decrease Java thread stack sizes (-Xss)
#   Set larger code cache with -XX:ReservedCodeCacheSize=
#   JVM is running with Unscaled Compressed Oops mode in which the Java heap is
#     placed in the first 4GB address space. The Java Heap base address is the
#     maximum limit for the native heap growth. Please use -XX:HeapBaseMinAddress
#     to set the Java Heap base and to place the Java Heap above 4GB virtual address.
# This output file may be truncated or incomplete.
#
#  Out of Memory Error (./src/hotspot/os/windows/os_windows.cpp:3521), pid=592, tid=7296
#
# JRE version: OpenJDK Runtime Environment (11.0.12+7) (build 11.0.12+7-b1504.28-7817840)
# Java VM: OpenJDK 64-Bit Server VM (11.0.12+7-b1504.28-7817840, mixed mode, tiered, compressed oops, g1 gc, windows-amd64)
# No core dump will be written. Minidumps are not enabled by default on client versions of Windows
#

---------------  S U M M A R Y ------------

Command Line: --add-opens=java.base/java.util=ALL-UNNAMED --add-opens=java.base/java.lang=ALL-UNNAMED --add-opens=java.base/java.lang.invoke=ALL-UNNAMED --add-opens=java.base/java.util=ALL-UNNAMED --add-opens=java.prefs/java.util.prefs=ALL-UNNAMED --add-opens=java.prefs/java.util.prefs=ALL-UNNAMED --add-opens=java.base/java.nio.charset=ALL-UNNAMED --add-opens=java.base/java.net=ALL-UNNAMED --add-opens=java.base/java.util.concurrent.atomic=ALL-UNNAMED -Xmx2048m -Dfile.encoding=UTF-8 -Duser.country=US -Duser.language=en -Duser.variant org.gradle.launcher.daemon.bootstrap.GradleDaemon 7.3.3

Host: Intel(R) Core(TM) i3 CPU       M 380  @ 2.53GHz, 4 cores, 2G,  Windows 7 , 64 bit Build 7601 (6.1.7601.23572)
Time: Fri Oct 28 08:51:45 2022 SE Asia Standard Time elapsed time: 10735.379838 seconds (0d 2h 58m 55s)

---------------  T H R E A D  ---------------

Current thread (0x000000005da6b000):  VMThread "VM Thread" [stack: 0x000000005dc70000,0x000000005dd70000] [id=7296]

Stack: [0x000000005dc70000,0x000000005dd70000]
[error occurred during error reporting (printing stack bounds), id 0xc0000005, EXCEPTION_ACCESS_VIOLATION (0xc0000005) at pc=0x000000000623113d]

Native frames: (J=compiled Java code, j=interpreted, Vv=VM code, C=native code)
V  [jvm.dll+0x5fbcea]
V  [jvm.dll+0x731905]
V  [jvm.dll+0x732f1d]
V  [jvm.dll+0x733535]
V  [jvm.dll+0x7334eb]
V  [jvm.dll+0x5fb080]
V  [jvm.dll+0x5fb818]
C  [ntdll.dll+0x2812d]
C  [ntdll.dll+0x1855f]
C  [ntdll.dll+0x4bcb8]
C  0x000000000623113d

VM_Operation (0x000000006fc89e30): G1CollectForAllocation, mode: safepoint, requested by thread 0x0000000063ea7000


---------------  P R O C E S S  ---------------

Threads class SMR info:
_java_thread_list=0x0000000060085610, length=85, elements={
0x00000000004bd800, 0x000000005da6d800, 0x000000005da77800, 0x000000005da85000,
0x000000005da88000, 0x000000005da89000, 0x000000005da8c800, 0x000000005da9b800,
0x000000005dab9000, 0x000000005ea70000, 0x0000000060119800, 0x0000000060ecf800,
0x0000000060582800, 0x00000000600e9000, 0x00000000600ea000, 0x00000000600eb000,
0x00000000600ef000, 0x0000000060298800, 0x0000000060299800, 0x000000006029c000,
0x000000006029d800, 0x0000000060d74800, 0x0000000060d75000, 0x00000000644c8000,
0x00000000678a2800, 0x0000000066b7a000, 0x0000000066b7b000, 0x0000000066b7c000,
0x0000000066b77000, 0x0000000066b78000, 0x0000000066b7c800, 0x00000000644c9000,
0x00000000644ce800, 0x00000000644ce000, 0x00000000644cc000, 0x00000000644ca000,
0x00000000644ca800, 0x00000000644cb800, 0x00000000678a3800, 0x00000000678a4800,
0x000000006789f800, 0x000000006789e000, 0x00000000678a1000, 0x00000000678a2000,
0x00000000678a0000, 0x0000000060d71000, 0x0000000060d73800, 0x0000000060d70000,
0x0000000060d72800, 0x0000000060d72000, 0x0000000060d77000, 0x00000000600e8800,
0x00000000600ec800, 0x00000000600eb800, 0x00000000600ee000, 0x00000000600ed800,
0x000000006029c800, 0x000000005feba800, 0x000000005febb800, 0x000000005febc800,
0x000000005febd000, 0x000000005febe000, 0x000000005febe800, 0x000000005febf800,
0x000000005fec0800, 0x000000005fec1000, 0x00000000617e7000, 0x00000000617e8000,
0x00000000617e8800, 0x00000000617e9800, 0x00000000617ea000, 0x00000000617eb000,
0x00000000617ec000, 0x00000000617ec800, 0x00000000617ed800, 0x0000000063ea2800,
0x0000000063ea3000, 0x0000000063ea4000, 0x0000000066b7d800, 0x0000000063ea4800,
0x0000000063ea5800, 0x0000000063ea6800, 0x0000000063ea7000, 0x0000000063ea8000,
0x0000000063ea9000
}

Java Threads: ( => current thread )
  0x00000000004bd800 JavaThread "main" [_thread_blocked, id=10316, stack(0x0000000002200000,0x0000000002300000)]
  0x000000005da6d800 JavaThread "Reference Handler" daemon [_thread_blocked, id=9412, stack(0x000000005df20000,0x000000005e020000)]
  0x000000005da77800 JavaThread "Finalizer" daemon [_thread_blocked, id=9888, stack(0x000000005dd80000,0x000000005de80000)]
  0x000000005da85000 JavaThread "Signal Dispatcher" daemon [_thread_blocked, id=10368, stack(0x000000001cd70000,0x000000001ce70000)]
  0x000000005da88000 JavaThread "Attach Listener" daemon [_thread_blocked, id=9060, stack(0x000000005e100000,0x000000005e200000)]
  0x000000005da89000 JavaThread "Service Thread" daemon [_thread_blocked, id=5712, stack(0x000000005e300000,0x000000005e400000)]
  0x000000005da8c800 JavaThread "C2 CompilerThread0" daemon [_thread_blocked, id=10928, stack(0x000000005e430000,0x000000005e530000)]
  0x000000005da9b800 JavaThread "C1 CompilerThread0" daemon [_thread_blocked, id=10992, stack(0x000000005e700000,0x000000005e800000)]
  0x000000005dab9000 JavaThread "Sweeper thread" daemon [_thread_blocked, id=10988, stack(0x000000005e8c0000,0x000000005e9c0000)]
  0x000000005ea70000 JavaThread "Common-Cleaner" daemon [_thread_blocked, id=10980, stack(0x000000001cf80000,0x000000001d080000)]
  0x0000000060119800 JavaThread "Daemon health stats" [_thread_blocked, id=11040, stack(0x000000005f810000,0x000000005f910000)]
  0x0000000060ecf800 JavaThread "Incoming local TCP Connector on port 51652" [_thread_in_native, id=11092, stack(0x0000000062170000,0x0000000062270000)]
  0x0000000060582800 JavaThread "Daemon periodic checks" [_thread_blocked, id=9944, stack(0x00000000624b0000,0x00000000625b0000)]
  0x00000000600e9000 JavaThread "Cache worker for journal cache (C:\Users\acer\.gradle\caches\journal-1)" [_thread_blocked, id=6412, stack(0x0000000063490000,0x0000000063590000)]
  0x00000000600ea000 JavaThread "File lock request listener" [_thread_in_native, id=10860, stack(0x00000000636e0000,0x00000000637e0000)]
  0x00000000600eb000 JavaThread "Cache worker for file hash cache (C:\Users\acer\.gradle\caches\7.3.3\fileHashes)" [_thread_blocked, id=10944, stack(0x0000000062f50000,0x0000000063050000)]
  0x00000000600ef000 JavaThread "Cache worker for execution history cache (C:\Users\acer\.gradle\caches\7.3.3\executionHistory)" [_thread_blocked, id=9700, stack(0x0000000065450000,0x0000000065550000)]
  0x0000000060298800 JavaThread "jar transforms" [_thread_blocked, id=10776, stack(0x0000000065e60000,0x0000000065f60000)]
  0x0000000060299800 JavaThread "Cache worker for file content cache (C:\Users\acer\.gradle\caches\7.3.3\fileContent)" [_thread_blocked, id=10704, stack(0x000000005e200000,0x000000005e300000)]
  0x000000006029c000 JavaThread "jar transforms Thread 2" [_thread_blocked, id=10488, stack(0x0000000066200000,0x0000000066300000)]
  0x000000006029d800 JavaThread "jar transforms Thread 3" [_thread_blocked, id=10800, stack(0x0000000066520000,0x0000000066620000)]
  0x0000000060d74800 JavaThread "jar transforms Thread 4" [_thread_blocked, id=6724, stack(0x000000006b310000,0x000000006b410000)]
  0x0000000060d75000 JavaThread "Memory manager" [_thread_blocked, id=10628, stack(0x000000006bf80000,0x000000006c080000)]
  0x00000000644c8000 JavaThread "pool-3-thread-1" [_thread_blocked, id=9172, stack(0x000000006be50000,0x000000006bf50000)]
  0x00000000678a2800 JavaThread "Cache worker for Java compile cache (C:\Users\acer\.gradle\caches\7.3.3\javaCompile)" [_thread_blocked, id=9480, stack(0x000000006b200000,0x000000006b300000)]
  0x0000000066b7a000 JavaThread "ForkJoinPool.commonPool-worker-3" daemon [_thread_blocked, id=10328, stack(0x0000000072ee0000,0x0000000072fe0000)]
  0x0000000066b7b000 JavaThread "Daemon Thread 2" [_thread_blocked, id=8080, stack(0x00000000629c0000,0x0000000062ac0000)]
  0x0000000066b7c000 JavaThread "Handler for socket connection from /127.0.0.1:51652 to /127.0.0.1:51871" [_thread_in_native, id=10452, stack(0x00000000625d0000,0x00000000626d0000)]
  0x0000000066b77000 JavaThread "Cancel handler" [_thread_blocked, id=9760, stack(0x0000000062e40000,0x0000000062f40000)]
  0x0000000066b78000 JavaThread "Daemon worker Thread 2" [_thread_blocked, id=11708, stack(0x0000000063590000,0x0000000063690000)]
  0x0000000066b7c800 JavaThread "Asynchronous log dispatcher for DefaultDaemonConnection: socket connection from /127.0.0.1:51652 to /127.0.0.1:51871" [_thread_blocked, id=11472, stack(0x0000000065d50000,0x0000000065e50000)]
  0x00000000644c9000 JavaThread "Daemon client event forwarder" [_thread_blocked, id=10748, stack(0x00000000650b0000,0x00000000651b0000)]
  0x00000000644ce800 JavaThread "Cache worker for file hash cache (D:\Fragment064_PM3\.gradle\7.3.3\fileHashes)" [_thread_blocked, id=12176, stack(0x0000000066380000,0x0000000066480000)]
  0x00000000644ce000 JavaThread "Cache worker for checksums cache (D:\Fragment064_PM3\.gradle\7.3.3\checksums)" [_thread_blocked, id=12048, stack(0x0000000067d30000,0x0000000067e30000)]
  0x00000000644cc000 JavaThread "Cache worker for cache directory md-supplier (C:\Users\acer\.gradle\caches\7.3.3\md-supplier)" [_thread_blocked, id=11964, stack(0x0000000067e90000,0x0000000067f90000)]
  0x00000000644ca000 JavaThread "Cache worker for cache directory md-rule (C:\Users\acer\.gradle\caches\7.3.3\md-rule)" [_thread_blocked, id=9652, stack(0x0000000068080000,0x0000000068180000)]
  0x00000000644ca800 JavaThread "Cache worker for dependencies-accessors (D:\Fragment064_PM3\.gradle\7.3.3\dependencies-accessors)" [_thread_blocked, id=10372, stack(0x0000000063380000,0x0000000063480000)]
  0x00000000644cb800 JavaThread "Cache worker for Build Output Cleanup Cache (D:\Fragment064_PM3\.gradle\buildOutputCleanup)" [_thread_blocked, id=11044, stack(0x0000000068340000,0x0000000068440000)]
  0x00000000678a3800 JavaThread "Unconstrained build operations" [_thread_blocked, id=11104, stack(0x0000000068200000,0x0000000068300000)]
  0x00000000678a4800 JavaThread "Unconstrained build operations Thread 2" [_thread_blocked, id=1384, stack(0x0000000068570000,0x0000000068670000)]
  0x000000006789f800 JavaThread "Unconstrained build operations Thread 3" [_thread_blocked, id=12184, stack(0x0000000066620000,0x0000000066720000)]
  0x000000006789e000 JavaThread "Unconstrained build operations Thread 4" [_thread_blocked, id=12152, stack(0x0000000068810000,0x0000000068910000)]
  0x00000000678a1000 JavaThread "Unconstrained build operations Thread 5" [_thread_blocked, id=12232, stack(0x0000000068960000,0x0000000068a60000)]
  0x00000000678a2000 JavaThread "Unconstrained build operations Thread 6" [_thread_blocked, id=11552, stack(0x0000000068ac0000,0x0000000068bc0000)]
  0x00000000678a0000 JavaThread "Unconstrained build operations Thread 7" [_thread_blocked, id=9396, stack(0x0000000068680000,0x0000000068780000)]
  0x0000000060d71000 JavaThread "Unconstrained build operations Thread 8" [_thread_blocked, id=11912, stack(0x0000000068d40000,0x0000000068e40000)]
  0x0000000060d73800 JavaThread "Unconstrained build operations Thread 9" [_thread_blocked, id=11888, stack(0x0000000068ed0000,0x0000000068fd0000)]
  0x0000000060d70000 JavaThread "Unconstrained build operations Thread 10" [_thread_blocked, id=10276, stack(0x0000000068bd0000,0x0000000068cd0000)]
  0x0000000060d72800 JavaThread "Unconstrained build operations Thread 11" [_thread_blocked, id=4844, stack(0x0000000069080000,0x0000000069180000)]
  0x0000000060d72000 JavaThread "Unconstrained build operations Thread 12" [_thread_blocked, id=10764, stack(0x0000000069190000,0x0000000069290000)]
  0x0000000060d77000 JavaThread "Unconstrained build operations Thread 13" [_thread_blocked, id=12108, stack(0x00000000692d0000,0x00000000693d0000)]
  0x00000000600e8800 JavaThread "Unconstrained build operations Thread 14" [_thread_blocked, id=11724, stack(0x0000000069410000,0x0000000069510000)]
  0x00000000600ec800 JavaThread "Unconstrained build operations Thread 15" [_thread_blocked, id=10580, stack(0x0000000069610000,0x0000000069710000)]
  0x00000000600eb800 JavaThread "Unconstrained build operations Thread 16" [_thread_blocked, id=12068, stack(0x0000000069730000,0x0000000069830000)]
  0x00000000600ee000 JavaThread "Unconstrained build operations Thread 17" [_thread_blocked, id=8308, stack(0x00000000699c0000,0x0000000069ac0000)]
  0x00000000600ed800 JavaThread "Unconstrained build operations Thread 18" [_thread_blocked, id=3516, stack(0x0000000069b30000,0x0000000069c30000)]
  0x000000006029c800 JavaThread "Unconstrained build operations Thread 19" [_thread_blocked, id=12072, stack(0x0000000068450000,0x0000000068550000)]
  0x000000005feba800 JavaThread "Unconstrained build operations Thread 20" [_thread_blocked, id=12208, stack(0x0000000069840000,0x0000000069940000)]
  0x000000005febb800 JavaThread "Unconstrained build operations Thread 21" [_thread_blocked, id=8252, stack(0x0000000069ce0000,0x0000000069de0000)]
  0x000000005febc800 JavaThread "Unconstrained build operations Thread 22" [_thread_blocked, id=11004, stack(0x0000000069f30000,0x000000006a030000)]
  0x000000005febd000 JavaThread "Unconstrained build operations Thread 23" [_thread_blocked, id=10796, stack(0x000000006a0f0000,0x000000006a1f0000)]
  0x000000005febe000 JavaThread "Unconstrained build operations Thread 24" [_thread_blocked, id=12136, stack(0x000000006a1f0000,0x000000006a2f0000)]
  0x000000005febe800 JavaThread "Unconstrained build operations Thread 25" [_thread_blocked, id=11776, stack(0x000000006a350000,0x000000006a450000)]
  0x000000005febf800 JavaThread "Unconstrained build operations Thread 26" [_thread_blocked, id=12004, stack(0x000000006a4a0000,0x000000006a5a0000)]
  0x000000005fec0800 JavaThread "Unconstrained build operations Thread 27" [_thread_blocked, id=11764, stack(0x000000006a6d0000,0x000000006a7d0000)]
  0x000000005fec1000 JavaThread "Unconstrained build operations Thread 28" [_thread_blocked, id=11540, stack(0x0000000069e00000,0x0000000069f00000)]
  0x00000000617e7000 JavaThread "Unconstrained build operations Thread 29" [_thread_blocked, id=11292, stack(0x000000006a8b0000,0x000000006a9b0000)]
  0x00000000617e8000 JavaThread "Unconstrained build operations Thread 30" [_thread_blocked, id=8724, stack(0x000000006a9b0000,0x000000006aab0000)]
  0x00000000617e8800 JavaThread "Unconstrained build operations Thread 31" [_thread_blocked, id=12104, stack(0x000000006ab50000,0x000000006ac50000)]
  0x00000000617e9800 JavaThread "Unconstrained build operations Thread 32" [_thread_blocked, id=11692, stack(0x000000006acf0000,0x000000006adf0000)]
  0x00000000617ea000 JavaThread "Unconstrained build operations Thread 33" [_thread_blocked, id=11528, stack(0x000000006aef0000,0x000000006aff0000)]
  0x00000000617eb000 JavaThread "Unconstrained build operations Thread 34" [_thread_blocked, id=11420, stack(0x000000006b100000,0x000000006b200000)]
  0x00000000617ec000 JavaThread "Unconstrained build operations Thread 35" [_thread_blocked, id=10576, stack(0x000000006e6e0000,0x000000006e7e0000)]
  0x00000000617ec800 JavaThread "Unconstrained build operations Thread 36" [_thread_blocked, id=11956, stack(0x000000006e850000,0x000000006e950000)]
  0x00000000617ed800 JavaThread "Unconstrained build operations Thread 37" [_thread_blocked, id=1868, stack(0x000000006c880000,0x000000006c980000)]
  0x0000000063ea2800 JavaThread "Unconstrained build operations Thread 38" [_thread_blocked, id=10948, stack(0x000000006efa0000,0x000000006f0a0000)]
  0x0000000063ea3000 JavaThread "Unconstrained build operations Thread 39" [_thread_blocked, id=11616, stack(0x000000006e9d0000,0x000000006ead0000)]
  0x0000000063ea4000 JavaThread "Unconstrained build operations Thread 40" [_thread_blocked, id=11612, stack(0x000000006f400000,0x000000006f500000)]
  0x0000000066b7d800 JavaThread "build event listener" [_thread_blocked, id=11488, stack(0x000000006f610000,0x000000006f710000)]
  0x0000000063ea4800 JavaThread "pool-8-thread-1" [_thread_blocked, id=11904, stack(0x000000006a5d0000,0x000000006a6d0000)]
  0x0000000063ea5800 JavaThread "build event listener" [_thread_blocked, id=10348, stack(0x000000006b000000,0x000000006b100000)]
  0x0000000063ea6800 JavaThread "Execution worker for ':'" [_thread_blocked, id=10288, stack(0x000000006f300000,0x000000006f400000)]
  0x0000000063ea7000 JavaThread "Execution worker for ':' Thread 2" [_thread_blocked, id=11440, stack(0x000000006fb90000,0x000000006fc90000)]
  0x0000000063ea8000 JavaThread "Execution worker for ':' Thread 3" [_thread_blocked, id=3728, stack(0x000000006fe00000,0x000000006ff00000)]
  0x0000000063ea9000 JavaThread "Cache worker for execution history cache (D:\Fragment064_PM3\.gradle\7.3.3\executionHistory)" [_thread_blocked, id=11604, stack(0x000000006ff30000,0x0000000070030000)]

Other Threads:
=>0x000000005da6b000 VMThread "VM Thread" [stack: 0x000000005dc70000,0x000000005dd70000] [id=7296]
  0x000000005ea8b800 WatcherThread [stack: 0x000000005ee60000,0x000000005ef60000] [id=10360]
  0x00000000004d6000 GCTaskThread "GC Thread#0" [stack: 0x0000000015420000,0x0000000015520000] [id=9996]
  0x000000005ed82000 GCTaskThread "GC Thread#1" [stack: 0x000000005f920000,0x000000005fa20000] [id=10932]
  0x00000000602db800 GCTaskThread "GC Thread#2" [stack: 0x0000000062ba0000,0x0000000062ca0000] [id=11032]
  0x000000005fb37800 GCTaskThread "GC Thread#3" [stack: 0x0000000062ca0000,0x0000000062da0000] [id=10552]
  0x0000000000508000 ConcurrentGCThread "G1 Main Marker" [stack: 0x000000001a650000,0x000000001a750000] [id=6736]
  0x0000000000509800 ConcurrentGCThread "G1 Conc#0" [stack: 0x000000001a820000,0x000000001a920000] [id=9940]
  0x0000000015334800 ConcurrentGCThread "G1 Refine#0" [stack: 0x000000001ce80000,0x000000001cf80000] [id=10884]
  0x0000000015335000 ConcurrentGCThread "G1 Young RemSet Sampling" [stack: 0x000000001d080000,0x000000001d180000] [id=9956]

Threads with active compile tasks:
C2 CompilerThread010738237 18147       4       com.google.common.base.CharMatcher::countIn (39 bytes)

VM state:at safepoint (normal execution)

VM Mutex/Monitor currently owned by a thread:  ([mutex/lock_event])
[0x00000000004b98a0] Threads_lock - owner thread: 0x000000005da6b000
[0x00000000004ba080] Heap_lock - owner thread: 0x0000000063ea7000

Heap address: 0x0000000080000000, size: 2048 MB, Compressed Oops mode: 32-bit
Narrow klass base: 0x0000000000000000, Narrow klass shift: 0
Compressed class space size: 1073741824 Address: 0x000000001d180000

Heap:
 garbage-first heap   total 1038336K, used 108985K [0x0000000080000000, 0x0000000100000000)
  region size 1024K, 2 young (2048K), 2 survivors (2048K)
 Metaspace       used 122818K, capacity 125706K, committed 126976K, reserved 1159168K
  class space    used 15392K, capacity 16487K, committed 16896K, reserved 1048576K
Heap Regions: E=young(eden), S=young(survivor), O=old, HS=humongous(starts), HC=humongous(continues), CS=collection set, F=free, A=archive, TAMS=top-at-mark-start (previous, next)
|   0|0x0000000080000000, 0x0000000080100000, 0x0000000080100000|100%| O|  |TAMS 0x0000000080100000, 0x0000000080100000| Untracked 
|   1|0x0000000080100000, 0x0000000080200000, 0x0000000080200000|100%| O|  |TAMS 0x0000000080200000, 0x0000000080200000| Untracked 
|   2|0x0000000080200000, 0x0000000080300000, 0x0000000080300000|100%| O|  |TAMS 0x0000000080300000, 0x0000000080300000| Untracked 
|   3|0x0000000080300000, 0x0000000080400000, 0x0000000080400000|100%|HS|  |TAMS 0x0000000080400000, 0x0000000080400000| Complete 
|   4|0x0000000080400000, 0x0000000080500000, 0x0000000080500000|100%|HC|  |TAMS 0x0000000080500000, 0x0000000080500000| Complete 
|   5|0x0000000080500000, 0x0000000080600000, 0x0000000080600000|100%|HC|  |TAMS 0x0000000080600000, 0x0000000080600000| Complete 
|   6|0x0000000080600000, 0x0000000080700000, 0x0000000080700000|100%| O|  |TAMS 0x0000000080700000, 0x0000000080700000| Untracked 
|   7|0x0000000080700000, 0x0000000080800000, 0x0000000080800000|100%| O|  |TAMS 0x0000000080800000, 0x0000000080800000| Untracked 
|   8|0x0000000080800000, 0x0000000080900000, 0x0000000080900000|100%| O|  |TAMS 0x0000000080900000, 0x0000000080900000| Untracked 
|   9|0x0000000080900000, 0x0000000080a00000, 0x0000000080a00000|100%| O|  |TAMS 0x0000000080a00000, 0x0000000080a00000| Untracked 
|  10|0x0000000080a00000, 0x0000000080b00000, 0x0000000080b00000|100%| O|  |TAMS 0x0000000080b00000, 0x0000000080b00000| Untracked 
|  11|0x0000000080b00000, 0x0000000080c00000, 0x0000000080c00000|100%| O|  |TAMS 0x0000000080c00000, 0x0000000080c00000| Untracked 
|  12|0x0000000080c00000, 0x0000000080d00000, 0x0000000080d00000|100%| O|  |TAMS 0x0000000080d00000, 0x0000000080d00000| Untracked 
|  13|0x0000000080d00000, 0x0000000080e00000, 0x0000000080e00000|100%| O|  |TAMS 0x0000000080e00000, 0x0000000080e00000| Untracked 
|  14|0x0000000080e00000, 0x0000000080f00000, 0x0000000080f00000|100%| O|  |TAMS 0x0000000080f00000, 0x0000000080f00000| Untracked 
|  15|0x0000000080f00000, 0x0000000081000000, 0x0000000081000000|100%| O|  |TAMS 0x0000000081000000, 0x0000000081000000| Untracked 
|  16|0x0000000081000000, 0x0000000081100000, 0x0000000081100000|100%| O|  |TAMS 0x0000000081100000, 0x0000000081100000| Untracked 
|  17|0x0000000081100000, 0x0000000081200000, 0x0000000081200000|100%| O|  |TAMS 0x0000000081200000, 0x0000000081200000| Untracked 
|  18|0x0000000081200000, 0x0000000081300000, 0x0000000081300000|100%| O|  |TAMS 0x0000000081300000, 0x0000000081300000| Untracked 
|  19|0x0000000081300000, 0x0000000081400000, 0x0000000081400000|100%| O|  |TAMS 0x0000000081400000, 0x0000000081400000| Untracked 
|  20|0x0000000081400000, 0x0000000081500000, 0x0000000081500000|100%| O|  |TAMS 0x0000000081500000, 0x0000000081500000| Untracked 
|  21|0x0000000081500000, 0x0000000081600000, 0x0000000081600000|100%| O|  |TAMS 0x0000000081600000, 0x0000000081600000| Untracked 
|  22|0x0000000081600000, 0x0000000081700000, 0x0000000081700000|100%| O|  |TAMS 0x0000000081700000, 0x0000000081700000| Untracked 
|  23|0x0000000081700000, 0x0000000081800000, 0x0000000081800000|100%| O|  |TAMS 0x0000000081800000, 0x0000000081800000| Untracked 
|  24|0x0000000081800000, 0x0000000081900000, 0x0000000081900000|100%| O|  |TAMS 0x0000000081900000, 0x0000000081900000| Untracked 
|  25|0x0000000081900000, 0x0000000081a00000, 0x0000000081a00000|100%| O|  |TAMS 0x0000000081a00000, 0x0000000081a00000| Untracked 
|  26|0x0000000081a00000, 0x0000000081b00000, 0x0000000081b00000|100%| O|  |TAMS 0x0000000081b00000, 0x0000000081b00000| Untracked 
|  27|0x0000000081b00000, 0x0000000081c00000, 0x0000000081c00000|100%| O|  |TAMS 0x0000000081c00000, 0x0000000081c00000| Untracked 
|  28|0x0000000081c00000, 0x0000000081d00000, 0x0000000081d00000|100%| O|  |TAMS 0x0000000081d00000, 0x0000000081d00000| Untracked 
|  29|0x0000000081d00000, 0x0000000081e00000, 0x0000000081e00000|100%| O|  |TAMS 0x0000000081e00000, 0x0000000081e00000| Untracked 
|  30|0x0000000081e00000, 0x0000000081f00000, 0x0000000081f00000|100%|HS|  |TAMS 0x0000000081f00000, 0x0000000081f00000| Complete 
|  31|0x0000000081f00000, 0x0000000082000000, 0x0000000082000000|100%|HS|  |TAMS 0x0000000082000000, 0x0000000082000000| Complete 
|  32|0x0000000082000000, 0x0000000082100000, 0x0000000082100000|100%|HS|  |TAMS 0x0000000082100000, 0x0000000082100000| Complete 
|  33|0x0000000082100000, 0x0000000082200000, 0x0000000082200000|100%|HC|  |TAMS 0x0000000082200000, 0x0000000082200000| Complete 
|  34|0x0000000082200000, 0x0000000082300000, 0x0000000082300000|100%| O|  |TAMS 0x0000000082300000, 0x0000000082300000| Untracked 
|  35|0x0000000082300000, 0x0000000082400000, 0x0000000082400000|100%| O|  |TAMS 0x0000000082400000, 0x0000000082400000| Untracked 
|  36|0x0000000082400000, 0x0000000082500000, 0x0000000082500000|100%| O|  |TAMS 0x0000000082500000, 0x0000000082500000| Untracked 
|  37|0x0000000082500000, 0x0000000082600000, 0x0000000082600000|100%| O|  |TAMS 0x0000000082600000, 0x0000000082600000| Untracked 
|  38|0x0000000082600000, 0x0000000082700000, 0x0000000082700000|100%| O|  |TAMS 0x0000000082700000, 0x0000000082700000| Untracked 
|  39|0x0000000082700000, 0x0000000082800000, 0x0000000082800000|100%| O|  |TAMS 0x0000000082800000, 0x0000000082800000| Untracked 
|  40|0x0000000082800000, 0x0000000082900000, 0x0000000082900000|100%| O|  |TAMS 0x0000000082900000, 0x0000000082900000| Untracked 
|  41|0x0000000082900000, 0x0000000082a00000, 0x0000000082a00000|100%| O|  |TAMS 0x0000000082a00000, 0x0000000082a00000| Untracked 
|  42|0x0000000082a00000, 0x0000000082b00000, 0x0000000082b00000|100%| O|  |TAMS 0x0000000082b00000, 0x0000000082b00000| Untracked 
|  43|0x0000000082b00000, 0x0000000082c00000, 0x0000000082c00000|100%| O|  |TAMS 0x0000000082c00000, 0x0000000082c00000| Untracked 
|  44|0x0000000082c00000, 0x0000000082d00000, 0x0000000082d00000|100%| O|  |TAMS 0x0000000082d00000, 0x0000000082d00000| Untracked 
|  45|0x0000000082d00000, 0x0000000082e00000, 0x0000000082e00000|100%| O|  |TAMS 0x0000000082e00000, 0x0000000082e00000| Untracked 
|  46|0x0000000082e00000, 0x0000000082f00000, 0x0000000082f00000|100%| O|  |TAMS 0x0000000082f00000, 0x0000000082f00000| Untracked 
|  47|0x0000000082f00000, 0x0000000083000000, 0x0000000083000000|100%| O|  |TAMS 0x0000000083000000, 0x0000000083000000| Untracked 
|  48|0x0000000083000000, 0x0000000083100000, 0x0000000083100000|100%| O|  |TAMS 0x0000000083100000, 0x0000000083100000| Untracked 
|  49|0x0000000083100000, 0x0000000083200000, 0x0000000083200000|100%| O|  |TAMS 0x0000000083200000, 0x0000000083200000| Untracked 
|  50|0x0000000083200000, 0x0000000083300000, 0x0000000083300000|100%| O|  |TAMS 0x0000000083300000, 0x0000000083300000| Untracked 
|  51|0x0000000083300000, 0x0000000083400000, 0x0000000083400000|100%| O|  |TAMS 0x0000000083400000, 0x0000000083400000| Untracked 
|  52|0x0000000083400000, 0x0000000083500000, 0x0000000083500000|100%| O|  |TAMS 0x0000000083500000, 0x0000000083500000| Untracked 
|  53|0x0000000083500000, 0x0000000083600000, 0x0000000083600000|100%| O|  |TAMS 0x0000000083600000, 0x0000000083600000| Untracked 
|  54|0x0000000083600000, 0x0000000083700000, 0x0000000083700000|100%| O|  |TAMS 0x0000000083700000, 0x0000000083700000| Untracked 
|  55|0x0000000083700000, 0x0000000083800000, 0x0000000083800000|100%| O|  |TAMS 0x0000000083800000, 0x0000000083800000| Untracked 
|  56|0x0000000083800000, 0x0000000083900000, 0x0000000083900000|100%| O|  |TAMS 0x0000000083900000, 0x0000000083900000| Untracked 
|  57|0x0000000083900000, 0x0000000083a00000, 0x0000000083a00000|100%| O|  |TAMS 0x0000000083a00000, 0x0000000083a00000| Untracked 
|  58|0x0000000083a00000, 0x0000000083b00000, 0x0000000083b00000|100%| O|  |TAMS 0x0000000083b00000, 0x0000000083b00000| Untracked 
|  59|0x0000000083b00000, 0x0000000083c00000, 0x0000000083c00000|100%| O|  |TAMS 0x0000000083c00000, 0x0000000083c00000| Untracked 
|  60|0x0000000083c00000, 0x0000000083d00000, 0x0000000083d00000|100%| O|  |TAMS 0x0000000083d00000, 0x0000000083d00000| Untracked 
|  61|0x0000000083d00000, 0x0000000083e00000, 0x0000000083e00000|100%| O|  |TAMS 0x0000000083e00000, 0x0000000083e00000| Untracked 
|  62|0x0000000083e00000, 0x0000000083f00000, 0x0000000083f00000|100%| O|  |TAMS 0x0000000083f00000, 0x0000000083f00000| Untracked 
|  63|0x0000000083f00000, 0x0000000084000000, 0x0000000084000000|100%| O|  |TAMS 0x0000000084000000, 0x0000000084000000| Untracked 
|  64|0x0000000084000000, 0x0000000084100000, 0x0000000084100000|100%| O|  |TAMS 0x0000000084100000, 0x0000000084100000| Untracked 
|  65|0x0000000084100000, 0x0000000084200000, 0x0000000084200000|100%| O|  |TAMS 0x0000000084200000, 0x0000000084200000| Untracked 
|  66|0x0000000084200000, 0x0000000084300000, 0x0000000084300000|100%| O|  |TAMS 0x0000000084300000, 0x0000000084300000| Untracked 
|  67|0x0000000084300000, 0x0000000084400000, 0x0000000084400000|100%| O|  |TAMS 0x0000000084400000, 0x0000000084400000| Untracked 
|  68|0x0000000084400000, 0x0000000084500000, 0x0000000084500000|100%| O|  |TAMS 0x0000000084500000, 0x0000000084500000| Untracked 
|  69|0x0000000084500000, 0x0000000084600000, 0x0000000084600000|100%| O|  |TAMS 0x0000000084600000, 0x0000000084600000| Untracked 
|  70|0x0000000084600000, 0x0000000084700000, 0x0000000084700000|100%| O|  |TAMS 0x0000000084700000, 0x0000000084700000| Untracked 
|  71|0x0000000084700000, 0x0000000084800000, 0x0000000084800000|100%| O|  |TAMS 0x0000000084800000, 0x0000000084800000| Untracked 
|  72|0x0000000084800000, 0x0000000084900000, 0x0000000084900000|100%| O|  |TAMS 0x0000000084900000, 0x0000000084900000| Untracked 
|  73|0x0000000084900000, 0x0000000084a00000, 0x0000000084a00000|100%| O|  |TAMS 0x0000000084a00000, 0x0000000084a00000| Untracked 
|  74|0x0000000084a00000, 0x0000000084b00000, 0x0000000084b00000|100%| O|  |TAMS 0x0000000084b00000, 0x0000000084b00000| Untracked 
|  75|0x0000000084b00000, 0x0000000084c00000, 0x0000000084c00000|100%| O|  |TAMS 0x0000000084c00000, 0x0000000084c00000| Untracked 
|  76|0x0000000084c00000, 0x0000000084d00000, 0x0000000084d00000|100%| O|  |TAMS 0x0000000084d00000, 0x0000000084d00000| Untracked 
|  77|0x0000000084d00000, 0x0000000084e00000, 0x0000000084e00000|100%| O|  |TAMS 0x0000000084e00000, 0x0000000084e00000| Untracked 
|  78|0x0000000084e00000, 0x0000000084f00000, 0x0000000084f00000|100%| O|  |TAMS 0x0000000084f00000, 0x0000000084f00000| Untracked 
|  79|0x0000000084f00000, 0x0000000085000000, 0x0000000085000000|100%| O|  |TAMS 0x0000000085000000, 0x0000000085000000| Untracked 
|  80|0x0000000085000000, 0x0000000085100000, 0x0000000085100000|100%| O|  |TAMS 0x0000000085100000, 0x0000000085100000| Untracked 
|  81|0x0000000085100000, 0x0000000085200000, 0x0000000085200000|100%| O|  |TAMS 0x0000000085200000, 0x0000000085200000| Untracked 
|  82|0x0000000085200000, 0x0000000085300000, 0x0000000085300000|100%| O|  |TAMS 0x0000000085300000, 0x0000000085300000| Untracked 
|  83|0x0000000085300000, 0x0000000085400000, 0x0000000085400000|100%| O|  |TAMS 0x0000000085400000, 0x0000000085400000| Untracked 
|  84|0x0000000085400000, 0x0000000085500000, 0x0000000085500000|100%| O|  |TAMS 0x0000000085500000, 0x0000000085500000| Untracked 
|  85|0x0000000085500000, 0x0000000085600000, 0x0000000085600000|100%| O|  |TAMS 0x0000000085600000, 0x0000000085600000| Untracked 
|  86|0x0000000085600000, 0x0000000085700000, 0x0000000085700000|100%| O|  |TAMS 0x0000000085700000, 0x0000000085700000| Untracked 
|  87|0x0000000085700000, 0x0000000085800000, 0x0000000085800000|100%| O|  |TAMS 0x0000000085800000, 0x0000000085800000| Untracked 
|  88|0x0000000085800000, 0x0000000085900000, 0x0000000085900000|100%| O|  |TAMS 0x0000000085900000, 0x0000000085900000| Untracked 
|  89|0x0000000085900000, 0x0000000085a00000, 0x0000000085a00000|100%| O|  |TAMS 0x0000000085900000, 0x0000000085a00000| Untracked 
|  90|0x0000000085a00000, 0x0000000085b00000, 0x0000000085b00000|100%| O|  |TAMS 0x0000000085b00000, 0x0000000085b00000| Untracked 
|  91|0x0000000085b00000, 0x0000000085c00000, 0x0000000085c00000|100%| O|  |TAMS 0x0000000085c00000, 0x0000000085c00000| Untracked 
|  92|0x0000000085c00000, 0x0000000085d00000, 0x0000000085d00000|100%| O|  |TAMS 0x0000000085d00000, 0x0000000085d00000| Untracked 
|  93|0x0000000085d00000, 0x0000000085e00000, 0x0000000085e00000|100%| O|  |TAMS 0x0000000085e00000, 0x0000000085e00000| Untracked 
|  94|0x0000000085e00000, 0x0000000085f00000, 0x0000000085f00000|100%| O|  |TAMS 0x0000000085e00000, 0x0000000085f00000| Untracked 
|  95|0x0000000085f00000, 0x0000000086000000, 0x0000000086000000|100%| O|  |TAMS 0x0000000085f00000, 0x0000000086000000| Untracked 
|  96|0x0000000086000000, 0x0000000086100000, 0x0000000086100000|100%| O|  |TAMS 0x0000000086000000, 0x0000000086100000| Untracked 
|  97|0x0000000086100000, 0x0000000086200000, 0x0000000086200000|100%| O|  |TAMS 0x0000000086100000, 0x0000000086200000| Untracked 
|  98|0x0000000086200000, 0x0000000086300000, 0x0000000086300000|100%| O|  |TAMS 0x0000000086200000, 0x0000000086300000| Untracked 
|  99|0x0000000086300000, 0x0000000086400000, 0x0000000086400000|100%| O|  |TAMS 0x0000000086300000, 0x0000000086400000| Untracked 
| 100|0x0000000086400000, 0x0000000086500000, 0x0000000086500000|100%| O|  |TAMS 0x0000000086500000, 0x0000000086500000| Untracked 
| 101|0x0000000086500000, 0x0000000086600000, 0x0000000086600000|100%| O|  |TAMS 0x0000000086600000, 0x0000000086600000| Untracked 
| 102|0x0000000086600000, 0x0000000086700000, 0x0000000086700000|100%| O|  |TAMS 0x0000000086700000, 0x0000000086700000| Untracked 
| 103|0x0000000086700000, 0x000000008676e400, 0x0000000086800000| 43%| O|  |TAMS 0x0000000086700000, 0x000000008676e400| Untracked 
| 104|0x0000000086800000, 0x0000000086800000, 0x0000000086900000|  0%| F|  |TAMS 0x0000000086800000, 0x0000000086800000| Untracked 
| 105|0x0000000086900000, 0x0000000086900000, 0x0000000086a00000|  0%| F|  |TAMS 0x0000000086900000, 0x0000000086900000| Untracked 
| 106|0x0000000086a00000, 0x0000000086a00000, 0x0000000086b00000|  0%| F|  |TAMS 0x0000000086a00000, 0x0000000086a00000| Untracked 
| 107|0x0000000086b00000, 0x0000000086b00000, 0x0000000086c00000|  0%| F|  |TAMS 0x0000000086b00000, 0x0000000086b00000| Untracked 
| 108|0x0000000086c00000, 0x0000000086c00000, 0x0000000086d00000|  0%| F|  |TAMS 0x0000000086c00000, 0x0000000086c00000| Untracked 
| 109|0x0000000086d00000, 0x0000000086d00000, 0x0000000086e00000|  0%| F|  |TAMS 0x0000000086d00000, 0x0000000086d00000| Untracked 
| 110|0x0000000086e00000, 0x0000000086e00000, 0x0000000086f00000|  0%| F|  |TAMS 0x0000000086e00000, 0x0000000086e00000| Untracked 
| 111|0x0000000086f00000, 0x0000000086f00000, 0x0000000087000000|  0%| F|  |TAMS 0x0000000086f00000, 0x0000000086f00000| Untracked 
| 112|0x0000000087000000, 0x0000000087000000, 0x0000000087100000|  0%| F|  |TAMS 0x0000000087000000, 0x0000000087000000| Untracked 
| 113|0x0000000087100000, 0x0000000087200000, 0x0000000087200000|100%| O|  |TAMS 0x0000000087200000, 0x0000000087200000| Untracked 
| 114|0x0000000087200000, 0x0000000087200000, 0x0000000087300000|  0%| F|  |TAMS 0x0000000087200000, 0x0000000087200000| Untracked 
| 115|0x0000000087300000, 0x0000000087300000, 0x0000000087400000|  0%| F|  |TAMS 0x0000000087300000, 0x0000000087300000| Untracked 
| 116|0x0000000087400000, 0x0000000087400000, 0x0000000087500000|  0%| F|  |TAMS 0x0000000087400000, 0x0000000087400000| Untracked 
| 117|0x0000000087500000, 0x0000000087500000, 0x0000000087600000|  0%| F|  |TAMS 0x0000000087500000, 0x0000000087500000| Untracked 
| 118|0x0000000087600000, 0x0000000087600000, 0x0000000087700000|  0%| F|  |TAMS 0x0000000087600000, 0x0000000087600000| Untracked 
| 119|0x0000000087700000, 0x0000000087700000, 0x0000000087800000|  0%| F|  |TAMS 0x0000000087700000, 0x0000000087700000| Untracked 
| 120|0x0000000087800000, 0x0000000087800000, 0x0000000087900000|  0%| F|  |TAMS 0x0000000087800000, 0x0000000087800000| Untracked 
| 121|0x0000000087900000, 0x0000000087900000, 0x0000000087a00000|  0%| F|  |TAMS 0x0000000087900000, 0x0000000087900000| Untracked 
| 122|0x0000000087a00000, 0x0000000087a00000, 0x0000000087b00000|  0%| F|  |TAMS 0x0000000087a00000, 0x0000000087a00000| Untracked 
| 123|0x0000000087b00000, 0x0000000087b00000, 0x0000000087c00000|  0%| F|  |TAMS 0x0000000087b00000, 0x0000000087b00000| Untracked 
| 124|0x0000000087c00000, 0x0000000087c00000, 0x0000000087d00000|  0%| F|  |TAMS 0x0000000087c00000, 0x0000000087c00000| Untracked 
| 125|0x0000000087d00000, 0x0000000087d00000, 0x0000000087e00000|  0%| F|  |TAMS 0x0000000087d00000, 0x0000000087d00000| Untracked 
| 126|0x0000000087e00000, 0x0000000087e00000, 0x0000000087f00000|  0%| F|  |TAMS 0x0000000087e00000, 0x0000000087e00000| Untracked 
| 127|0x0000000087f00000, 0x0000000087f00000, 0x0000000088000000|  0%| F|  |TAMS 0x0000000087f00000, 0x0000000087f00000| Untracked 
| 128|0x0000000088000000, 0x0000000088000000, 0x0000000088100000|  0%| F|  |TAMS 0x0000000088000000, 0x0000000088000000| Untracked 
| 129|0x0000000088100000, 0x0000000088100000, 0x0000000088200000|  0%| F|  |TAMS 0x0000000088100000, 0x0000000088100000| Untracked 
| 130|0x0000000088200000, 0x0000000088200000, 0x0000000088300000|  0%| F|  |TAMS 0x0000000088200000, 0x0000000088200000| Untracked 
| 131|0x0000000088300000, 0x0000000088300000, 0x0000000088400000|  0%| F|  |TAMS 0x0000000088300000, 0x0000000088300000| Untracked 
| 132|0x0000000088400000, 0x0000000088400000, 0x0000000088500000|  0%| F|  |TAMS 0x0000000088400000, 0x0000000088400000| Untracked 
| 133|0x0000000088500000, 0x0000000088500000, 0x0000000088600000|  0%| F|  |TAMS 0x0000000088500000, 0x0000000088500000| Untracked 
| 134|0x0000000088600000, 0x0000000088600000, 0x0000000088700000|  0%| F|  |TAMS 0x0000000088600000, 0x0000000088600000| Untracked 
| 135|0x0000000088700000, 0x0000000088700000, 0x0000000088800000|  0%| F|  |TAMS 0x0000000088700000, 0x0000000088700000| Untracked 
| 136|0x0000000088800000, 0x0000000088800000, 0x0000000088900000|  0%| F|  |TAMS 0x0000000088800000, 0x0000000088800000| Untracked 
| 137|0x0000000088900000, 0x0000000088900000, 0x0000000088a00000|  0%| F|  |TAMS 0x0000000088900000, 0x0000000088900000| Untracked 
| 138|0x0000000088a00000, 0x0000000088a00000, 0x0000000088b00000|  0%| F|  |TAMS 0x0000000088a00000, 0x0000000088a00000| Untracked 
| 139|0x0000000088b00000, 0x0000000088b00000, 0x0000000088c00000|  0%| F|  |TAMS 0x0000000088b00000, 0x0000000088b00000| Untracked 
| 140|0x0000000088c00000, 0x0000000088c00000, 0x0000000088d00000|  0%| F|  |TAMS 0x0000000088c00000, 0x0000000088c00000| Untracked 
| 141|0x0000000088d00000, 0x0000000088d00000, 0x0000000088e00000|  0%| F|  |TAMS 0x0000000088d00000, 0x0000000088d00000| Untracked 
| 142|0x0000000088e00000, 0x0000000088e00000, 0x0000000088f00000|  0%| F|  |TAMS 0x0000000088e00000, 0x0000000088e00000| Untracked 
| 143|0x0000000088f00000, 0x0000000088f00000, 0x0000000089000000|  0%| F|  |TAMS 0x0000000088f00000, 0x0000000088f00000| Untracked 
| 144|0x0000000089000000, 0x0000000089000000, 0x0000000089100000|  0%| F|  |TAMS 0x0000000089000000, 0x0000000089000000| Untracked 
| 145|0x0000000089100000, 0x0000000089100000, 0x0000000089200000|  0%| F|  |TAMS 0x0000000089100000, 0x0000000089100000| Untracked 
| 146|0x0000000089200000, 0x0000000089200000, 0x0000000089300000|  0%| F|  |TAMS 0x0000000089200000, 0x0000000089200000| Untracked 
| 147|0x0000000089300000, 0x0000000089300000, 0x0000000089400000|  0%| F|  |TAMS 0x0000000089300000, 0x0000000089300000| Untracked 
| 148|0x0000000089400000, 0x0000000089400000, 0x0000000089500000|  0%| F|  |TAMS 0x0000000089400000, 0x0000000089400000| Untracked 
| 149|0x0000000089500000, 0x0000000089500000, 0x0000000089600000|  0%| F|  |TAMS 0x0000000089500000, 0x0000000089500000| Untracked 
| 150|0x0000000089600000, 0x0000000089600000, 0x0000000089700000|  0%| F|  |TAMS 0x0000000089600000, 0x0000000089600000| Untracked 
| 151|0x0000000089700000, 0x0000000089700000, 0x0000000089800000|  0%| F|  |TAMS 0x0000000089700000, 0x0000000089700000| Untracked 
| 152|0x0000000089800000, 0x0000000089800000, 0x0000000089900000|  0%| F|  |TAMS 0x0000000089800000, 0x0000000089800000| Untracked 
| 153|0x0000000089900000, 0x0000000089900000, 0x0000000089a00000|  0%| F|  |TAMS 0x0000000089900000, 0x0000000089900000| Untracked 
| 154|0x0000000089a00000, 0x0000000089a00000, 0x0000000089b00000|  0%| F|  |TAMS 0x0000000089a00000, 0x0000000089a00000| Untracked 
| 155|0x0000000089b00000, 0x0000000089b00000, 0x0000000089c00000|  0%| F|  |TAMS 0x0000000089b00000, 0x0000000089b00000| Untracked 
| 156|0x0000000089c00000, 0x0000000089c00000, 0x0000000089d00000|  0%| F|  |TAMS 0x0000000089c00000, 0x0000000089c00000| Untracked 
| 157|0x0000000089d00000, 0x0000000089d00000, 0x0000000089e00000|  0%| F|  |TAMS 0x0000000089d00000, 0x0000000089d00000| Untracked 
| 158|0x0000000089e00000, 0x0000000089e00000, 0x0000000089f00000|  0%| F|  |TAMS 0x0000000089e00000, 0x0000000089e00000| Untracked 
| 159|0x0000000089f00000, 0x0000000089f00000, 0x000000008a000000|  0%| F|  |TAMS 0x0000000089f00000, 0x0000000089f00000| Untracked 
| 160|0x000000008a000000, 0x000000008a000000, 0x000000008a100000|  0%| F|  |TAMS 0x000000008a000000, 0x000000008a000000| Untracked 
| 161|0x000000008a100000, 0x000000008a100000, 0x000000008a200000|  0%| F|  |TAMS 0x000000008a100000, 0x000000008a100000| Untracked 
| 162|0x000000008a200000, 0x000000008a200000, 0x000000008a300000|  0%| F|  |TAMS 0x000000008a200000, 0x000000008a200000| Untracked 
| 163|0x000000008a300000, 0x000000008a300000, 0x000000008a400000|  0%| F|  |TAMS 0x000000008a300000, 0x000000008a300000| Untracked 
| 164|0x000000008a400000, 0x000000008a400000, 0x000000008a500000|  0%| F|  |TAMS 0x000000008a400000, 0x000000008a400000| Untracked 
| 165|0x000000008a500000, 0x000000008a500000, 0x000000008a600000|  0%| F|  |TAMS 0x000000008a500000, 0x000000008a500000| Untracked 
| 166|0x000000008a600000, 0x000000008a600000, 0x000000008a700000|  0%| F|  |TAMS 0x000000008a600000, 0x000000008a600000| Untracked 
| 167|0x000000008a700000, 0x000000008a700000, 0x000000008a800000|  0%| F|  |TAMS 0x000000008a700000, 0x000000008a700000| Untracked 
| 168|0x000000008a800000, 0x000000008a800000, 0x000000008a900000|  0%| F|  |TAMS 0x000000008a800000, 0x000000008a800000| Untracked 
| 169|0x000000008a900000, 0x000000008a900000, 0x000000008aa00000|  0%| F|  |TAMS 0x000000008a900000, 0x000000008a900000| Untracked 
| 170|0x000000008aa00000, 0x000000008aa00000, 0x000000008ab00000|  0%| F|  |TAMS 0x000000008aa00000, 0x000000008aa00000| Untracked 
| 171|0x000000008ab00000, 0x000000008ab00000, 0x000000008ac00000|  0%| F|  |TAMS 0x000000008ab00000, 0x000000008ab00000| Untracked 
| 172|0x000000008ac00000, 0x000000008ac00000, 0x000000008ad00000|  0%| F|  |TAMS 0x000000008ac00000, 0x000000008ac00000| Untracked 
| 173|0x000000008ad00000, 0x000000008ad00000, 0x000000008ae00000|  0%| F|  |TAMS 0x000000008ad00000, 0x000000008ad00000| Untracked 
| 174|0x000000008ae00000, 0x000000008ae00000, 0x000000008af00000|  0%| F|  |TAMS 0x000000008ae00000, 0x000000008ae00000| Untracked 
| 175|0x000000008af00000, 0x000000008af00000, 0x000000008b000000|  0%| F|  |TAMS 0x000000008af00000, 0x000000008af00000| Untracked 
| 176|0x000000008b000000, 0x000000008b000000, 0x000000008b100000|  0%| F|  |TAMS 0x000000008b000000, 0x000000008b000000| Untracked 
| 177|0x000000008b100000, 0x000000008b100000, 0x000000008b200000|  0%| F|  |TAMS 0x000000008b100000, 0x000000008b100000| Untracked 
| 178|0x000000008b200000, 0x000000008b200000, 0x000000008b300000|  0%| F|  |TAMS 0x000000008b200000, 0x000000008b200000| Untracked 
| 179|0x000000008b300000, 0x000000008b300000, 0x000000008b400000|  0%| F|  |TAMS 0x000000008b300000, 0x000000008b300000| Untracked 
| 180|0x000000008b400000, 0x000000008b400000, 0x000000008b500000|  0%| F|  |TAMS 0x000000008b400000, 0x000000008b400000| Untracked 
| 181|0x000000008b500000, 0x000000008b500000, 0x000000008b600000|  0%| F|  |TAMS 0x000000008b500000, 0x000000008b500000| Untracked 
| 182|0x000000008b600000, 0x000000008b600000, 0x000000008b700000|  0%| F|  |TAMS 0x000000008b600000, 0x000000008b600000| Untracked 
| 183|0x000000008b700000, 0x000000008b700000, 0x000000008b800000|  0%| F|  |TAMS 0x000000008b700000, 0x000000008b700000| Untracked 
| 184|0x000000008b800000, 0x000000008b800000, 0x000000008b900000|  0%| F|  |TAMS 0x000000008b800000, 0x000000008b800000| Untracked 
| 185|0x000000008b900000, 0x000000008b900000, 0x000000008ba00000|  0%| F|  |TAMS 0x000000008b900000, 0x000000008b900000| Untracked 
| 186|0x000000008ba00000, 0x000000008ba00000, 0x000000008bb00000|  0%| F|  |TAMS 0x000000008ba00000, 0x000000008ba00000| Untracked 
| 187|0x000000008bb00000, 0x000000008bb00000, 0x000000008bc00000|  0%| F|  |TAMS 0x000000008bb00000, 0x000000008bb00000| Untracked 
| 188|0x000000008bc00000, 0x000000008bc00000, 0x000000008bd00000|  0%| F|  |TAMS 0x000000008bc00000, 0x000000008bc00000| Untracked 
| 189|0x000000008bd00000, 0x000000008bd00000, 0x000000008be00000|  0%| F|  |TAMS 0x000000008bd00000, 0x000000008bd00000| Untracked 
| 190|0x000000008be00000, 0x000000008be00000, 0x000000008bf00000|  0%| F|  |TAMS 0x000000008be00000, 0x000000008be00000| Untracked 
| 191|0x000000008bf00000, 0x000000008bf00000, 0x000000008c000000|  0%| F|  |TAMS 0x000000008bf00000, 0x000000008bf00000| Untracked 
| 192|0x000000008c000000, 0x000000008c000000, 0x000000008c100000|  0%| F|  |TAMS 0x000000008c000000, 0x000000008c000000| Untracked 
| 193|0x000000008c100000, 0x000000008c100000, 0x000000008c200000|  0%| F|  |TAMS 0x000000008c100000, 0x000000008c100000| Untracked 
| 194|0x000000008c200000, 0x000000008c200000, 0x000000008c300000|  0%| F|  |TAMS 0x000000008c200000, 0x000000008c200000| Untracked 
| 195|0x000000008c300000, 0x000000008c300000, 0x000000008c400000|  0%| F|  |TAMS 0x000000008c300000, 0x000000008c300000| Untracked 
| 196|0x000000008c400000, 0x000000008c400000, 0x000000008c500000|  0%| F|  |TAMS 0x000000008c400000, 0x000000008c400000| Untracked 
| 197|0x000000008c500000, 0x000000008c500000, 0x000000008c600000|  0%| F|  |TAMS 0x000000008c500000, 0x000000008c500000| Untracked 
| 198|0x000000008c600000, 0x000000008c600000, 0x000000008c700000|  0%| F|  |TAMS 0x000000008c600000, 0x000000008c600000| Untracked 
| 199|0x000000008c700000, 0x000000008c700000, 0x000000008c800000|  0%| F|  |TAMS 0x000000008c700000, 0x000000008c700000| Untracked 
| 200|0x000000008c800000, 0x000000008c800000, 0x000000008c900000|  0%| F|  |TAMS 0x000000008c800000, 0x000000008c800000| Untracked 
| 201|0x000000008c900000, 0x000000008c900000, 0x000000008ca00000|  0%| F|  |TAMS 0x000000008c900000, 0x000000008c900000| Untracked 
| 202|0x000000008ca00000, 0x000000008ca00000, 0x000000008cb00000|  0%| F|  |TAMS 0x000000008ca00000, 0x000000008ca00000| Untracked 
| 203|0x000000008cb00000, 0x000000008cb00000, 0x000000008cc00000|  0%| F|  |TAMS 0x000000008cb00000, 0x000000008cb00000| Untracked 
| 204|0x000000008cc00000, 0x000000008cc00000, 0x000000008cd00000|  0%| F|  |TAMS 0x000000008cc00000, 0x000000008cc00000| Untracked 
| 205|0x000000008cd00000, 0x000000008cd00000, 0x000000008ce00000|  0%| F|  |TAMS 0x000000008cd00000, 0x000000008cd00000| Untracked 
| 206|0x000000008ce00000, 0x000000008ce00000, 0x000000008cf00000|  0%| F|  |TAMS 0x000000008ce00000, 0x000000008ce00000| Untracked 
| 207|0x000000008cf00000, 0x000000008cf00000, 0x000000008d000000|  0%| F|  |TAMS 0x000000008cf00000, 0x000000008cf00000| Untracked 
| 208|0x000000008d000000, 0x000000008d000000, 0x000000008d100000|  0%| F|  |TAMS 0x000000008d000000, 0x000000008d000000| Untracked 
| 209|0x000000008d100000, 0x000000008d100000, 0x000000008d200000|  0%| F|  |TAMS 0x000000008d100000, 0x000000008d100000| Untracked 
| 210|0x000000008d200000, 0x000000008d200000, 0x000000008d300000|  0%| F|  |TAMS 0x000000008d200000, 0x000000008d200000| Untracked 
| 211|0x000000008d300000, 0x000000008d300000, 0x000000008d400000|  0%| F|  |TAMS 0x000000008d300000, 0x000000008d300000| Untracked 
| 212|0x000000008d400000, 0x000000008d400000, 0x000000008d500000|  0%| F|  |TAMS 0x000000008d400000, 0x000000008d400000| Untracked 
| 213|0x000000008d500000, 0x000000008d500000, 0x000000008d600000|  0%| F|  |TAMS 0x000000008d500000, 0x000000008d500000| Untracked 
| 214|0x000000008d600000, 0x000000008d600000, 0x000000008d700000|  0%| F|  |TAMS 0x000000008d600000, 0x000000008d600000| Untracked 
| 215|0x000000008d700000, 0x000000008d700000, 0x000000008d800000|  0%| F|  |TAMS 0x000000008d700000, 0x000000008d700000| Untracked 
| 216|0x000000008d800000, 0x000000008d800000, 0x000000008d900000|  0%| F|  |TAMS 0x000000008d800000, 0x000000008d800000| Untracked 
| 217|0x000000008d900000, 0x000000008d900000, 0x000000008da00000|  0%| F|  |TAMS 0x000000008d900000, 0x000000008d900000| Untracked 
| 218|0x000000008da00000, 0x000000008da00000, 0x000000008db00000|  0%| F|  |TAMS 0x000000008da00000, 0x000000008da00000| Untracked 
| 219|0x000000008db00000, 0x000000008db00000, 0x000000008dc00000|  0%| F|  |TAMS 0x000000008db00000, 0x000000008db00000| Untracked 
| 220|0x000000008dc00000, 0x000000008dc00000, 0x000000008dd00000|  0%| F|  |TAMS 0x000000008dc00000, 0x000000008dc00000| Untracked 
| 221|0x000000008dd00000, 0x000000008dd00000, 0x000000008de00000|  0%| F|  |TAMS 0x000000008dd00000, 0x000000008dd00000| Untracked 
| 222|0x000000008de00000, 0x000000008de00000, 0x000000008df00000|  0%| F|  |TAMS 0x000000008de00000, 0x000000008de00000| Untracked 
| 223|0x000000008df00000, 0x000000008df00000, 0x000000008e000000|  0%| F|  |TAMS 0x000000008df00000, 0x000000008df00000| Untracked 
| 224|0x000000008e000000, 0x000000008e000000, 0x000000008e100000|  0%| F|  |TAMS 0x000000008e000000, 0x000000008e000000| Untracked 
| 225|0x000000008e100000, 0x000000008e100000, 0x000000008e200000|  0%| F|  |TAMS 0x000000008e100000, 0x000000008e100000| Untracked 
| 226|0x000000008e200000, 0x000000008e200000, 0x000000008e300000|  0%| F|  |TAMS 0x000000008e200000, 0x000000008e200000| Untracked 
| 227|0x000000008e300000, 0x000000008e300000, 0x000000008e400000|  0%| F|  |TAMS 0x000000008e300000, 0x000000008e300000| Untracked 
| 228|0x000000008e400000, 0x000000008e400000, 0x000000008e500000|  0%| F|  |TAMS 0x000000008e400000, 0x000000008e400000| Untracked 
| 229|0x000000008e500000, 0x000000008e500000, 0x000000008e600000|  0%| F|  |TAMS 0x000000008e500000, 0x000000008e500000| Untracked 
| 230|0x000000008e600000, 0x000000008e600000, 0x000000008e700000|  0%| F|  |TAMS 0x000000008e600000, 0x000000008e600000| Untracked 
| 231|0x000000008e700000, 0x000000008e700000, 0x000000008e800000|  0%| F|  |TAMS 0x000000008e700000, 0x000000008e700000| Untracked 
| 232|0x000000008e800000, 0x000000008e800000, 0x000000008e900000|  0%| F|  |TAMS 0x000000008e800000, 0x000000008e800000| Untracked 
| 233|0x000000008e900000, 0x000000008e900000, 0x000000008ea00000|  0%| F|  |TAMS 0x000000008e900000, 0x000000008e900000| Untracked 
| 234|0x000000008ea00000, 0x000000008ea00000, 0x000000008eb00000|  0%| F|  |TAMS 0x000000008ea00000, 0x000000008ea00000| Untracked 
| 235|0x000000008eb00000, 0x000000008eb00000, 0x000000008ec00000|  0%| F|  |TAMS 0x000000008eb00000, 0x000000008eb00000| Untracked 
| 236|0x000000008ec00000, 0x000000008ec00000, 0x000000008ed00000|  0%| F|  |TAMS 0x000000008ec00000, 0x000000008ec00000| Untracked 
| 237|0x000000008ed00000, 0x000000008ed00000, 0x000000008ee00000|  0%| F|  |TAMS 0x000000008ed00000, 0x000000008ed00000| Untracked 
| 238|0x000000008ee00000, 0x000000008ee00000, 0x000000008ef00000|  0%| F|  |TAMS 0x000000008ee00000, 0x000000008ee00000| Untracked 
| 239|0x000000008ef00000, 0x000000008ef00000, 0x000000008f000000|  0%| F|  |TAMS 0x000000008ef00000, 0x000000008ef00000| Untracked 
| 240|0x000000008f000000, 0x000000008f000000, 0x000000008f100000|  0%| F|  |TAMS 0x000000008f000000, 0x000000008f000000| Untracked 
| 241|0x000000008f100000, 0x000000008f100000, 0x000000008f200000|  0%| F|  |TAMS 0x000000008f100000, 0x000000008f100000| Untracked 
| 242|0x000000008f200000, 0x000000008f200000, 0x000000008f300000|  0%| F|  |TAMS 0x000000008f200000, 0x000000008f200000| Untracked 
| 243|0x000000008f300000, 0x000000008f300000, 0x000000008f400000|  0%| F|  |TAMS 0x000000008f300000, 0x000000008f300000| Untracked 
| 244|0x000000008f400000, 0x000000008f400000, 0x000000008f500000|  0%| F|  |TAMS 0x000000008f400000, 0x000000008f400000| Untracked 
| 245|0x000000008f500000, 0x000000008f500000, 0x000000008f600000|  0%| F|  |TAMS 0x000000008f500000, 0x000000008f500000| Untracked 
| 246|0x000000008f600000, 0x000000008f600000, 0x000000008f700000|  0%| F|  |TAMS 0x000000008f600000, 0x000000008f600000| Untracked 
| 247|0x000000008f700000, 0x000000008f700000, 0x000000008f800000|  0%| F|  |TAMS 0x000000008f700000, 0x000000008f700000| Untracked 
| 248|0x000000008f800000, 0x000000008f800000, 0x000000008f900000|  0%| F|  |TAMS 0x000000008f800000, 0x000000008f800000| Untracked 
| 249|0x000000008f900000, 0x000000008f900000, 0x000000008fa00000|  0%| F|  |TAMS 0x000000008f900000, 0x000000008f900000| Untracked 
| 250|0x000000008fa00000, 0x000000008fa00000, 0x000000008fb00000|  0%| F|  |TAMS 0x000000008fa00000, 0x000000008fa00000| Untracked 
| 251|0x000000008fb00000, 0x000000008fb00000, 0x000000008fc00000|  0%| F|  |TAMS 0x000000008fb00000, 0x000000008fb00000| Untracked 
| 252|0x000000008fc00000, 0x000000008fc00000, 0x000000008fd00000|  0%| F|  |TAMS 0x000000008fc00000, 0x000000008fc00000| Untracked 
| 253|0x000000008fd00000, 0x000000008fd00000, 0x000000008fe00000|  0%| F|  |TAMS 0x000000008fd00000, 0x000000008fd00000| Untracked 
| 254|0x000000008fe00000, 0x000000008fe00000, 0x000000008ff00000|  0%| F|  |TAMS 0x000000008fe00000, 0x000000008fe00000| Untracked 
| 255|0x000000008ff00000, 0x000000008ff00000, 0x0000000090000000|  0%| F|  |TAMS 0x000000008ff00000, 0x000000008ff00000| Untracked 
| 256|0x0000000090000000, 0x0000000090000000, 0x0000000090100000|  0%| F|  |TAMS 0x0000000090000000, 0x0000000090000000| Untracked 
| 257|0x0000000090100000, 0x0000000090100000, 0x0000000090200000|  0%| F|  |TAMS 0x0000000090100000, 0x0000000090100000| Untracked 
| 258|0x0000000090200000, 0x0000000090200000, 0x0000000090300000|  0%| F|  |TAMS 0x0000000090200000, 0x0000000090200000| Untracked 
| 259|0x0000000090300000, 0x0000000090300000, 0x0000000090400000|  0%| F|  |TAMS 0x0000000090300000, 0x0000000090300000| Untracked 
| 260|0x0000000090400000, 0x0000000090400000, 0x0000000090500000|  0%| F|  |TAMS 0x0000000090400000, 0x0000000090400000| Untracked 
| 261|0x0000000090500000, 0x0000000090500000, 0x0000000090600000|  0%| F|  |TAMS 0x0000000090500000, 0x0000000090500000| Untracked 
| 262|0x0000000090600000, 0x0000000090600000, 0x0000000090700000|  0%| F|  |TAMS 0x0000000090600000, 0x0000000090600000| Untracked 
| 263|0x0000000090700000, 0x0000000090700000, 0x0000000090800000|  0%| F|  |TAMS 0x0000000090700000, 0x0000000090700000| Untracked 
| 264|0x0000000090800000, 0x0000000090800000, 0x0000000090900000|  0%| F|  |TAMS 0x0000000090800000, 0x0000000090800000| Untracked 
| 265|0x0000000090900000, 0x0000000090900000, 0x0000000090a00000|  0%| F|  |TAMS 0x0000000090900000, 0x0000000090900000| Untracked 
| 266|0x0000000090a00000, 0x0000000090a00000, 0x0000000090b00000|  0%| F|  |TAMS 0x0000000090a00000, 0x0000000090a00000| Untracked 
| 267|0x0000000090b00000, 0x0000000090b00000, 0x0000000090c00000|  0%| F|  |TAMS 0x0000000090b00000, 0x0000000090b00000| Untracked 
| 268|0x0000000090c00000, 0x0000000090c00000, 0x0000000090d00000|  0%| F|  |TAMS 0x0000000090c00000, 0x0000000090c00000| Untracked 
| 269|0x0000000090d00000, 0x0000000090d00000, 0x0000000090e00000|  0%| F|  |TAMS 0x0000000090d00000, 0x0000000090d00000| Untracked 
| 270|0x0000000090e00000, 0x0000000090e00000, 0x0000000090f00000|  0%| F|  |TAMS 0x0000000090e00000, 0x0000000090e00000| Untracked 
| 271|0x0000000090f00000, 0x0000000090f00000, 0x0000000091000000|  0%| F|  |TAMS 0x0000000090f00000, 0x0000000090f00000| Untracked 
| 272|0x0000000091000000, 0x0000000091000000, 0x0000000091100000|  0%| F|  |TAMS 0x0000000091000000, 0x0000000091000000| Untracked 
| 273|0x0000000091100000, 0x0000000091100000, 0x0000000091200000|  0%| F|  |TAMS 0x0000000091100000, 0x0000000091100000| Untracked 
| 274|0x0000000091200000, 0x0000000091200000, 0x0000000091300000|  0%| F|  |TAMS 0x0000000091200000, 0x0000000091200000| Untracked 
| 275|0x0000000091300000, 0x0000000091300000, 0x0000000091400000|  0%| F|  |TAMS 0x0000000091300000, 0x0000000091300000| Untracked 
| 276|0x0000000091400000, 0x0000000091400000, 0x0000000091500000|  0%| F|  |TAMS 0x0000000091400000, 0x0000000091400000| Untracked 
| 277|0x0000000091500000, 0x0000000091500000, 0x0000000091600000|  0%| F|  |TAMS 0x0000000091500000, 0x0000000091500000| Untracked 
| 278|0x0000000091600000, 0x0000000091600000, 0x0000000091700000|  0%| F|  |TAMS 0x0000000091600000, 0x0000000091600000| Untracked 
| 279|0x0000000091700000, 0x0000000091700000, 0x0000000091800000|  0%| F|  |TAMS 0x0000000091700000, 0x0000000091700000| Untracked 
| 280|0x0000000091800000, 0x0000000091800000, 0x0000000091900000|  0%| F|  |TAMS 0x0000000091800000, 0x0000000091800000| Untracked 
| 281|0x0000000091900000, 0x0000000091900000, 0x0000000091a00000|  0%| F|  |TAMS 0x0000000091900000, 0x0000000091900000| Untracked 
| 282|0x0000000091a00000, 0x0000000091a00000, 0x0000000091b00000|  0%| F|  |TAMS 0x0000000091a00000, 0x0000000091a00000| Untracked 
| 283|0x0000000091b00000, 0x0000000091b00000, 0x0000000091c00000|  0%| F|  |TAMS 0x0000000091b00000, 0x0000000091b00000| Untracked 
| 284|0x0000000091c00000, 0x0000000091c00000, 0x0000000091d00000|  0%| F|  |TAMS 0x0000000091c00000, 0x0000000091c00000| Untracked 
| 285|0x0000000091d00000, 0x0000000091d00000, 0x0000000091e00000|  0%| F|  |TAMS 0x0000000091d00000, 0x0000000091d00000| Untracked 
| 286|0x0000000091e00000, 0x0000000091e00000, 0x0000000091f00000|  0%| F|  |TAMS 0x0000000091e00000, 0x0000000091e00000| Untracked 
| 287|0x0000000091f00000, 0x0000000091f00000, 0x0000000092000000|  0%| F|  |TAMS 0x0000000091f00000, 0x0000000091f00000| Untracked 
| 288|0x0000000092000000, 0x0000000092000000, 0x0000000092100000|  0%| F|  |TAMS 0x0000000092000000, 0x0000000092000000| Untracked 
| 289|0x0000000092100000, 0x0000000092100000, 0x0000000092200000|  0%| F|  |TAMS 0x0000000092100000, 0x0000000092100000| Untracked 
| 290|0x0000000092200000, 0x0000000092200000, 0x0000000092300000|  0%| F|  |TAMS 0x0000000092200000, 0x0000000092200000| Untracked 
| 291|0x0000000092300000, 0x0000000092300000, 0x0000000092400000|  0%| F|  |TAMS 0x0000000092300000, 0x0000000092300000| Untracked 
| 292|0x0000000092400000, 0x0000000092400000, 0x0000000092500000|  0%| F|  |TAMS 0x0000000092400000, 0x0000000092400000| Untracked 
| 293|0x0000000092500000, 0x0000000092500000, 0x0000000092600000|  0%| F|  |TAMS 0x0000000092500000, 0x0000000092500000| Untracked 
| 294|0x0000000092600000, 0x0000000092600000, 0x0000000092700000|  0%| F|  |TAMS 0x0000000092600000, 0x0000000092600000| Untracked 
| 295|0x0000000092700000, 0x0000000092700000, 0x0000000092800000|  0%| F|  |TAMS 0x0000000092700000, 0x0000000092700000| Untracked 
| 296|0x0000000092800000, 0x0000000092800000, 0x0000000092900000|  0%| F|  |TAMS 0x0000000092800000, 0x0000000092800000| Untracked 
| 297|0x0000000092900000, 0x0000000092900000, 0x0000000092a00000|  0%| F|  |TAMS 0x0000000092900000, 0x0000000092900000| Untracked 
| 298|0x0000000092a00000, 0x0000000092a00000, 0x0000000092b00000|  0%| F|  |TAMS 0x0000000092a00000, 0x0000000092a00000| Untracked 
| 299|0x0000000092b00000, 0x0000000092b00000, 0x0000000092c00000|  0%| F|  |TAMS 0x0000000092b00000, 0x0000000092b00000| Untracked 
| 300|0x0000000092c00000, 0x0000000092c00000, 0x0000000092d00000|  0%| F|  |TAMS 0x0000000092c00000, 0x0000000092c00000| Untracked 
| 301|0x0000000092d00000, 0x0000000092d00000, 0x0000000092e00000|  0%| F|  |TAMS 0x0000000092d00000, 0x0000000092d00000| Untracked 
| 302|0x0000000092e00000, 0x0000000092e00000, 0x0000000092f00000|  0%| F|  |TAMS 0x0000000092e00000, 0x0000000092e00000| Untracked 
| 303|0x0000000092f00000, 0x0000000092f00000, 0x0000000093000000|  0%| F|  |TAMS 0x0000000092f00000, 0x0000000092f00000| Untracked 
| 304|0x0000000093000000, 0x0000000093000000, 0x0000000093100000|  0%| F|  |TAMS 0x0000000093000000, 0x0000000093000000| Untracked 
| 305|0x0000000093100000, 0x0000000093100000, 0x0000000093200000|  0%| F|  |TAMS 0x0000000093100000, 0x0000000093100000| Untracked 
| 306|0x0000000093200000, 0x0000000093200000, 0x0000000093300000|  0%| F|  |TAMS 0x0000000093200000, 0x0000000093200000| Untracked 
| 307|0x0000000093300000, 0x0000000093300000, 0x0000000093400000|  0%| F|  |TAMS 0x0000000093300000, 0x0000000093300000| Untracked 
| 308|0x0000000093400000, 0x0000000093400000, 0x0000000093500000|  0%| F|  |TAMS 0x0000000093400000, 0x0000000093400000| Untracked 
| 309|0x0000000093500000, 0x0000000093500000, 0x0000000093600000|  0%| F|  |TAMS 0x0000000093500000, 0x0000000093500000| Untracked 
| 310|0x0000000093600000, 0x0000000093600000, 0x0000000093700000|  0%| F|  |TAMS 0x0000000093600000, 0x0000000093600000| Untracked 
| 311|0x0000000093700000, 0x0000000093700000, 0x0000000093800000|  0%| F|  |TAMS 0x0000000093700000, 0x0000000093700000| Untracked 
| 312|0x0000000093800000, 0x0000000093800000, 0x0000000093900000|  0%| F|  |TAMS 0x0000000093800000, 0x0000000093800000| Untracked 
| 313|0x0000000093900000, 0x0000000093900000, 0x0000000093a00000|  0%| F|  |TAMS 0x0000000093900000, 0x0000000093900000| Untracked 
| 314|0x0000000093a00000, 0x0000000093a00000, 0x0000000093b00000|  0%| F|  |TAMS 0x0000000093a00000, 0x0000000093a00000| Untracked 
| 315|0x0000000093b00000, 0x0000000093b00000, 0x0000000093c00000|  0%| F|  |TAMS 0x0000000093b00000, 0x0000000093b00000| Untracked 
| 316|0x0000000093c00000, 0x0000000093c00000, 0x0000000093d00000|  0%| F|  |TAMS 0x0000000093c00000, 0x0000000093c00000| Untracked 
| 317|0x0000000093d00000, 0x0000000093d00000, 0x0000000093e00000|  0%| F|  |TAMS 0x0000000093d00000, 0x0000000093d00000| Untracked 
| 318|0x0000000093e00000, 0x0000000093e00000, 0x0000000093f00000|  0%| F|  |TAMS 0x0000000093e00000, 0x0000000093e00000| Untracked 
| 319|0x0000000093f00000, 0x0000000093f00000, 0x0000000094000000|  0%| F|  |TAMS 0x0000000093f00000, 0x0000000093f00000| Untracked 
| 320|0x0000000094000000, 0x0000000094000000, 0x0000000094100000|  0%| F|  |TAMS 0x0000000094000000, 0x0000000094000000| Untracked 
| 321|0x0000000094100000, 0x0000000094100000, 0x0000000094200000|  0%| F|  |TAMS 0x0000000094100000, 0x0000000094100000| Untracked 
| 322|0x0000000094200000, 0x0000000094200000, 0x0000000094300000|  0%| F|  |TAMS 0x0000000094200000, 0x0000000094200000| Untracked 
| 323|0x0000000094300000, 0x0000000094300000, 0x0000000094400000|  0%| F|  |TAMS 0x0000000094300000, 0x0000000094300000| Untracked 
| 324|0x0000000094400000, 0x0000000094400000, 0x0000000094500000|  0%| F|  |TAMS 0x0000000094400000, 0x0000000094400000| Untracked 
| 325|0x0000000094500000, 0x0000000094500000, 0x0000000094600000|  0%| F|  |TAMS 0x0000000094500000, 0x0000000094500000| Untracked 
| 326|0x0000000094600000, 0x0000000094600000, 0x0000000094700000|  0%| F|  |TAMS 0x0000000094600000, 0x0000000094600000| Untracked 
| 327|0x0000000094700000, 0x0000000094700000, 0x0000000094800000|  0%| F|  |TAMS 0x0000000094700000, 0x0000000094700000| Untracked 
| 328|0x0000000094800000, 0x0000000094900000, 0x0000000094900000|100%| S|CS|TAMS 0x0000000094800000, 0x0000000094800000| Complete 
| 329|0x0000000094900000, 0x0000000094a00000, 0x0000000094a00000|100%| S|CS|TAMS 0x0000000094900000, 0x0000000094900000| Complete 
| 330|0x0000000094a00000, 0x0000000094a00000, 0x0000000094b00000|  0%| F|  |TAMS 0x0000000094a00000, 0x0000000094a00000| Untracked 
| 331|0x0000000094b00000, 0x0000000094b00000, 0x0000000094c00000|  0%| F|  |TAMS 0x0000000094b00000, 0x0000000094b00000| Untracked 
| 332|0x0000000094c00000, 0x0000000094c00000, 0x0000000094d00000|  0%| F|  |TAMS 0x0000000094c00000, 0x0000000094c00000| Untracked 
| 333|0x0000000094d00000, 0x0000000094d00000, 0x0000000094e00000|  0%| F|  |TAMS 0x0000000094d00000, 0x0000000094d00000| Untracked 
| 334|0x0000000094e00000, 0x0000000094e00000, 0x0000000094f00000|  0%| F|  |TAMS 0x0000000094e00000, 0x0000000094e00000| Untracked 
| 335|0x0000000094f00000, 0x0000000094f00000, 0x0000000095000000|  0%| F|  |TAMS 0x0000000094f00000, 0x0000000094f00000| Untracked 
| 336|0x0000000095000000, 0x0000000095000000, 0x0000000095100000|  0%| F|  |TAMS 0x0000000095000000, 0x0000000095000000| Untracked 
| 337|0x0000000095100000, 0x0000000095100000, 0x0000000095200000|  0%| F|  |TAMS 0x0000000095100000, 0x0000000095100000| Untracked 

Card table byte_map: [0x0000000015d60000,0x0000000016160000] _byte_map_base: 0x0000000015960000

Marking Bits (Prev, Next): (CMBitMap*) 0x00000000004ff808, (CMBitMap*) 0x00000000004ff840
 Prev Bits: [0x0000000016560000, 0x0000000018560000)
 Next Bits: [0x0000000018560000, 0x000000001a560000)

Polling page: 0x0000000000150000

Metaspace:

Usage:
  Non-class:    106.66 MB capacity,   104.91 MB ( 98%) used,     1.40 MB (  1%) free+waste,   361.00 KB ( <1%) overhead. 
      Class:     16.10 MB capacity,    15.03 MB ( 93%) used,   935.94 KB (  6%) free+waste,   158.44 KB ( <1%) overhead. 
       Both:    122.76 MB capacity,   119.94 MB ( 98%) used,     2.31 MB (  2%) free+waste,   519.44 KB ( <1%) overhead. 

Virtual space:
  Non-class space:      108.00 MB reserved,     107.50 MB (>99%) committed 
      Class space:        1.00 GB reserved,      16.50 MB (  2%) committed 
             Both:        1.11 GB reserved,     124.00 MB ( 11%) committed 

Chunk freelists:
   Non-Class:  669.00 KB
       Class:  345.00 KB
        Both:  1014.00 KB

MaxMetaspaceSize: 17179869184.00 GB
CompressedClassSpaceSize: 1.00 GB
Initial GC threshold: 20.80 MB
Current GC threshold: 206.67 MB
CDS: off

CodeHeap 'non-profiled nmethods': size=120064Kb used=10860Kb max_used=10860Kb free=109203Kb
 bounds [0x000000000dcf0000, 0x000000000e790000, 0x0000000015230000]
CodeHeap 'profiled nmethods': size=120000Kb used=38604Kb max_used=38604Kb free=81395Kb
 bounds [0x00000000067c0000, 0x0000000008d80000, 0x000000000dcf0000]
CodeHeap 'non-nmethods': size=5696Kb used=2443Kb max_used=2495Kb free=3252Kb
 bounds [0x0000000006230000, 0x00000000064b0000, 0x00000000067c0000]
 total_blobs=18358 nmethods=17377 adapters=894
 compilation: enabled
              stopped_count=0, restarted_count=0
 full_count=0

Compilation events (20 events):
Event: 10732.295 Thread 0x000000005da9b800 18137       2       org.apache.xerces.dom.CoreDocumentImpl::checkDOMNSErr (135 bytes)
Event: 10732.296 Thread 0x000000005da9b800 nmethod 18137 0x0000000008d63d10 code [0x0000000008d63f80, 0x0000000008d644d8]
Event: 10732.306 Thread 0x000000005da9b800 18138       2       com.android.ide.common.resources.DataSet::appendToXml (390 bytes)
Event: 10732.312 Thread 0x000000005da9b800 nmethod 18138 0x0000000008d64810 code [0x0000000008d64c60, 0x0000000008d65e08]
Event: 10732.339 Thread 0x000000005da9b800 18139 %     3       com.android.ide.common.resources.DataSet::appendToXml @ 224 (390 bytes)
Event: 10732.367 Thread 0x000000005da9b800 nmethod 18139% 0x0000000008d66b10 code [0x0000000008d670a0, 0x0000000008d6a328]
Event: 10732.557 Thread 0x000000005da8c800 nmethod 18124 0x000000000e784e90 code [0x000000000e785280, 0x000000000e787790]
Event: 10732.557 Thread 0x000000005da8c800 18131       4       org.apache.xerces.dom.ParentNode::internalInsertBefore (651 bytes)
Event: 10732.596 Thread 0x000000005da9b800 18142       2       java.lang.StringUTF16::inflate (42 bytes)
Event: 10732.597 Thread 0x000000005da9b800 nmethod 18142 0x0000000008d6b490 code [0x0000000008d6b660, 0x0000000008d6b848]
Event: 10732.618 Thread 0x000000005da9b800 18144       3       com.android.utils.XmlUtils::append (645 bytes)
Event: 10732.618 Thread 0x000000005da8c800 nmethod 18131 0x000000000e789310 code [0x000000000e789540, 0x000000000e789fe8]
Event: 10732.618 Thread 0x000000005da8c800 18141       4       java.util.HashMap::hash (20 bytes)
Event: 10732.621 Thread 0x000000005da8c800 nmethod 18141 0x000000000e78a810 code [0x000000000e78a9a0, 0x000000000e78aa58]
Event: 10732.621 Thread 0x000000005da8c800 18038       4       com.google.common.base.AbstractIterator::next (34 bytes)
Event: 10732.649 Thread 0x000000005da9b800 nmethod 18144 0x0000000008d6ba10 code [0x0000000008d6c240, 0x0000000008d704f8]
Event: 10732.649 Thread 0x000000005da9b800 18145       3       com.android.utils.XmlUtils::appendXmlAttributeValue (150 bytes)
Event: 10732.650 Thread 0x000000005da8c800 nmethod 18038 0x000000000e78ab10 code [0x000000000e78ace0, 0x000000000e78b168]
Event: 10732.650 Thread 0x000000005da8c800 18147       4       com.google.common.base.CharMatcher::countIn (39 bytes)
Event: 10732.652 Thread 0x000000005da9b800 nmethod 18145 0x0000000008d71b90 code [0x0000000008d71e80, 0x0000000008d72c28]

GC Heap History (20 events):
Event: 10695.363 GC heap after
{Heap after GC invocations=131 (full 0):
 garbage-first heap   total 208896K, used 80810K [0x0000000080000000, 0x0000000100000000)
  region size 1024K, 1 young (1024K), 1 survivors (1024K)
 Metaspace       used 122255K, capacity 124992K, committed 126464K, reserved 1159168K
  class space    used 15368K, capacity 16415K, committed 16896K, reserved 1048576K
}
Event: 10695.977 GC heap before
{Heap before GC invocations=131 (full 0):
 garbage-first heap   total 208896K, used 90026K [0x0000000080000000, 0x0000000100000000)
  region size 1024K, 10 young (10240K), 1 survivors (1024K)
 Metaspace       used 122259K, capacity 124992K, committed 126464K, reserved 1159168K
  class space    used 15368K, capacity 16415K, committed 16896K, reserved 1048576K
}
Event: 10695.984 GC heap after
{Heap after GC invocations=132 (full 0):
 garbage-first heap   total 208896K, used 81195K [0x0000000080000000, 0x0000000100000000)
  region size 1024K, 1 young (1024K), 1 survivors (1024K)
 Metaspace       used 122259K, capacity 124992K, committed 126464K, reserved 1159168K
  class space    used 15368K, capacity 16415K, committed 16896K, reserved 1048576K
}
Event: 10696.164 GC heap before
{Heap before GC invocations=133 (full 0):
 garbage-first heap   total 208896K, used 90411K [0x0000000080000000, 0x0000000100000000)
  region size 1024K, 10 young (10240K), 1 survivors (1024K)
 Metaspace       used 122260K, capacity 124992K, committed 126464K, reserved 1159168K
  class space    used 15368K, capacity 16415K, committed 16896K, reserved 1048576K
}
Event: 10696.178 GC heap after
{Heap after GC invocations=134 (full 0):
 garbage-first heap   total 208896K, used 81640K [0x0000000080000000, 0x0000000100000000)
  region size 1024K, 2 young (2048K), 2 survivors (2048K)
 Metaspace       used 122260K, capacity 124992K, committed 126464K, reserved 1159168K
  class space    used 15368K, capacity 16415K, committed 16896K, reserved 1048576K
}
Event: 10700.299 GC heap before
{Heap before GC invocations=134 (full 0):
 garbage-first heap   total 208896K, used 89832K [0x0000000080000000, 0x0000000100000000)
  region size 1024K, 10 young (10240K), 2 survivors (2048K)
 Metaspace       used 122470K, capacity 125220K, committed 126720K, reserved 1159168K
  class space    used 15370K, capacity 16419K, committed 16896K, reserved 1048576K
}
Event: 10700.521 GC heap after
{Heap after GC invocations=135 (full 0):
 garbage-first heap   total 208896K, used 83169K [0x0000000080000000, 0x0000000100000000)
  region size 1024K, 2 young (2048K), 2 survivors (2048K)
 Metaspace       used 122470K, capacity 125220K, committed 126720K, reserved 1159168K
  class space    used 15370K, capacity 16419K, committed 16896K, reserved 1048576K
}
Event: 10704.204 GC heap before
{Heap before GC invocations=135 (full 0):
 garbage-first heap   total 208896K, used 91361K [0x0000000080000000, 0x0000000100000000)
  region size 1024K, 10 young (10240K), 2 survivors (2048K)
 Metaspace       used 122691K, capacity 125525K, committed 126720K, reserved 1159168K
  class space    used 15387K, capacity 16451K, committed 16896K, reserved 1048576K
}
Event: 10704.507 GC heap after
{Heap after GC invocations=136 (full 0):
 garbage-first heap   total 208896K, used 84726K [0x0000000080000000, 0x0000000100000000)
  region size 1024K, 2 young (2048K), 2 survivors (2048K)
 Metaspace       used 122691K, capacity 125525K, committed 126720K, reserved 1159168K
  class space    used 15387K, capacity 16451K, committed 16896K, reserved 1048576K
}
Event: 10712.749 GC heap before
{Heap before GC invocations=137 (full 0):
 garbage-first heap   total 208896K, used 91894K [0x0000000080000000, 0x0000000100000000)
  region size 1024K, 10 young (10240K), 2 survivors (2048K)
 Metaspace       used 122709K, capacity 125527K, committed 126720K, reserved 1159168K
  class space    used 15387K, capacity 16451K, committed 16896K, reserved 1048576K
}
Event: 10712.883 GC heap after
{Heap after GC invocations=138 (full 0):
 garbage-first heap   total 208896K, used 85137K [0x0000000080000000, 0x0000000100000000)
  region size 1024K, 1 young (1024K), 1 survivors (1024K)
 Metaspace       used 122709K, capacity 125527K, committed 126720K, reserved 1159168K
  class space    used 15387K, capacity 16451K, committed 16896K, reserved 1048576K
}
Event: 10713.369 GC heap before
{Heap before GC invocations=138 (full 0):
 garbage-first heap   total 208896K, used 85137K [0x0000000080000000, 0x0000000100000000)
  region size 1024K, 2 young (2048K), 1 survivors (1024K)
 Metaspace       used 122712K, capacity 125527K, committed 126720K, reserved 1159168K
  class space    used 15387K, capacity 16451K, committed 16896K, reserved 1048576K
}
Event: 10713.485 GC heap after
{Heap after GC invocations=139 (full 0):
 garbage-first heap   total 346112K, used 85165K [0x0000000080000000, 0x0000000100000000)
  region size 1024K, 1 young (1024K), 1 survivors (1024K)
 Metaspace       used 122712K, capacity 125527K, committed 126720K, reserved 1159168K
  class space    used 15387K, capacity 16451K, committed 16896K, reserved 1048576K
}
Event: 10715.145 GC heap before
{Heap before GC invocations=140 (full 0):
 garbage-first heap   total 346112K, used 102573K [0x0000000080000000, 0x0000000100000000)
  region size 1024K, 16 young (16384K), 1 survivors (1024K)
 Metaspace       used 122743K, capacity 125539K, committed 126720K, reserved 1159168K
  class space    used 15388K, capacity 16453K, committed 16896K, reserved 1048576K
}
Event: 10729.714 GC heap after
{Heap after GC invocations=141 (full 0):
 garbage-first heap   total 346112K, used 98366K [0x0000000080000000, 0x0000000100000000)
  region size 1024K, 2 young (2048K), 2 survivors (2048K)
 Metaspace       used 122743K, capacity 125539K, committed 126720K, reserved 1159168K
  class space    used 15388K, capacity 16453K, committed 16896K, reserved 1048576K
}
Event: 10730.408 GC heap before
{Heap before GC invocations=141 (full 0):
 garbage-first heap   total 346112K, used 112702K [0x0000000080000000, 0x0000000100000000)
  region size 1024K, 16 young (16384K), 2 survivors (2048K)
 Metaspace       used 122770K, capacity 125670K, committed 126976K, reserved 1159168K
  class space    used 15390K, capacity 16454K, committed 16896K, reserved 1048576K
}
Event: 10730.721 GC heap after
{Heap after GC invocations=142 (full 0):
 garbage-first heap   total 346112K, used 101018K [0x0000000080000000, 0x0000000100000000)
  region size 1024K, 2 young (2048K), 2 survivors (2048K)
 Metaspace       used 122770K, capacity 125670K, committed 126976K, reserved 1159168K
  class space    used 15390K, capacity 16454K, committed 16896K, reserved 1048576K
}
Event: 10731.954 GC heap before
{Heap before GC invocations=143 (full 0):
 garbage-first heap   total 346112K, used 115354K [0x0000000080000000, 0x0000000100000000)
  region size 1024K, 16 young (16384K), 2 survivors (2048K)
 Metaspace       used 122810K, capacity 125706K, committed 126976K, reserved 1159168K
  class space    used 15392K, capacity 16487K, committed 16896K, reserved 1048576K
}
Event: 10732.248 GC heap after
{Heap after GC invocations=144 (full 0):
 garbage-first heap   total 346112K, used 102188K [0x0000000080000000, 0x0000000100000000)
  region size 1024K, 2 young (2048K), 2 survivors (2048K)
 Metaspace       used 122810K, capacity 125706K, committed 126976K, reserved 1159168K
  class space    used 15392K, capacity 16487K, committed 16896K, reserved 1048576K
}
Event: 10732.655 GC heap before
{Heap before GC invocations=144 (full 0):
 garbage-first heap   total 346112K, used 108332K [0x0000000080000000, 0x0000000100000000)
  region size 1024K, 10 young (10240K), 2 survivors (2048K)
 Metaspace       used 122818K, capacity 125706K, committed 126976K, reserved 1159168K
  class space    used 15392K, capacity 16487K, committed 16896K, reserved 1048576K
}

Deoptimization events (20 events):
Event: 10732.252 Thread 0x0000000063ea7000 Uncommon trap: trap_request=0xffffffde fr.pc=0x000000000e20f480 relative=0x0000000000000640
Event: 10732.252 Thread 0x0000000063ea7000 Uncommon trap: reason=class_check action=maybe_recompile pc=0x000000000e20f480 method=org.apache.xerces.dom.ParentNode.checkNormalizationAfterInsert(Lorg/apache/xerces/dom/ChildNode;)V @ 23 c2
Event: 10732.252 Thread 0x0000000063ea7000 DEOPT PACKING pc=0x000000000e20f480 sp=0x000000006fc8a840
Event: 10732.252 Thread 0x0000000063ea7000 DEOPT UNPACKING pc=0x000000000627a1a9 sp=0x000000006fc8a760 mode 2
Event: 10732.252 Thread 0x0000000063ea7000 Uncommon trap: trap_request=0xffffffde fr.pc=0x000000000e20f480 relative=0x0000000000000640
Event: 10732.252 Thread 0x0000000063ea7000 Uncommon trap: reason=class_check action=maybe_recompile pc=0x000000000e20f480 method=org.apache.xerces.dom.ParentNode.checkNormalizationAfterInsert(Lorg/apache/xerces/dom/ChildNode;)V @ 23 c2
Event: 10732.252 Thread 0x0000000063ea7000 DEOPT PACKING pc=0x000000000e20f480 sp=0x000000006fc8a840
Event: 10732.252 Thread 0x0000000063ea7000 DEOPT UNPACKING pc=0x000000000627a1a9 sp=0x000000006fc8a760 mode 2
Event: 10732.253 Thread 0x0000000063ea7000 Uncommon trap: trap_request=0xffffffde fr.pc=0x000000000e20f480 relative=0x0000000000000640
Event: 10732.253 Thread 0x0000000063ea7000 Uncommon trap: reason=class_check action=maybe_recompile pc=0x000000000e20f480 method=org.apache.xerces.dom.ParentNode.checkNormalizationAfterInsert(Lorg/apache/xerces/dom/ChildNode;)V @ 23 c2
Event: 10732.253 Thread 0x0000000063ea7000 DEOPT PACKING pc=0x000000000e20f480 sp=0x000000006fc8a840
Event: 10732.253 Thread 0x0000000063ea7000 DEOPT UNPACKING pc=0x000000000627a1a9 sp=0x000000006fc8a760 mode 2
Event: 10732.253 Thread 0x0000000063ea7000 Uncommon trap: trap_request=0xffffffde fr.pc=0x000000000e20f480 relative=0x0000000000000640
Event: 10732.253 Thread 0x0000000063ea7000 Uncommon trap: reason=class_check action=maybe_recompile pc=0x000000000e20f480 method=org.apache.xerces.dom.ParentNode.checkNormalizationAfterInsert(Lorg/apache/xerces/dom/ChildNode;)V @ 23 c2
Event: 10732.253 Thread 0x0000000063ea7000 DEOPT PACKING pc=0x000000000e20f480 sp=0x000000006fc8a840
Event: 10732.253 Thread 0x0000000063ea7000 DEOPT UNPACKING pc=0x000000000627a1a9 sp=0x000000006fc8a760 mode 2
Event: 10732.601 Thread 0x0000000063ea7000 Uncommon trap: trap_request=0xffffff4d fr.pc=0x000000000e200768 relative=0x00000000000046a8
Event: 10732.601 Thread 0x0000000063ea7000 Uncommon trap: reason=unstable_if action=reinterpret pc=0x000000000e200768 method=java.lang.String.lastIndexOf(II)I @ 4 c2
Event: 10732.601 Thread 0x0000000063ea7000 DEOPT PACKING pc=0x000000000e200768 sp=0x000000006fc8a580
Event: 10732.616 Thread 0x0000000063ea7000 DEOPT UNPACKING pc=0x000000000627a1a9 sp=0x000000006fc8a400 mode 2

Classes redefined (0 events):
No events

Internal exceptions (20 events):
Event: 10692.029 Thread 0x0000000066b78000 Implicit null exception at 0x000000000df9a9b3 to 0x000000000df9ad34
Event: 10692.854 Thread 0x0000000066b78000 Exception <a 'sun/nio/fs/WindowsException'{0x000000008c9fe6f8}> (0x000000008c9fe6f8) thrown at [./src/hotspot/share/prims/jni.cpp, line 615]
Event: 10698.552 Thread 0x0000000066b78000 Exception <a 'java/lang/NoClassDefFoundError'{0x000000008c8f3d18}: org/jetbrains/kotlin/gradle/plugin/KotlinBasePluginWrapper> (0x000000008c8f3d18) thrown at [./src/hotspot/share/oops/constantPool.cpp, line 775]
Event: 10698.906 Thread 0x0000000066b78000 Exception <a 'sun/nio/fs/WindowsException'{0x000000008c63d878}> (0x000000008c63d878) thrown at [./src/hotspot/share/prims/jni.cpp, line 615]
Event: 10699.819 Thread 0x0000000066b78000 Exception <a 'sun/nio/fs/WindowsException'{0x000000008c6e77d8}> (0x000000008c6e77d8) thrown at [./src/hotspot/share/prims/jni.cpp, line 615]
Event: 10699.819 Thread 0x0000000066b78000 Exception <a 'sun/nio/fs/WindowsException'{0x000000008c6e8ae8}> (0x000000008c6e8ae8) thrown at [./src/hotspot/share/prims/jni.cpp, line 615]
Event: 10699.820 Thread 0x0000000066b78000 Exception <a 'sun/nio/fs/WindowsException'{0x000000008c6e9e48}> (0x000000008c6e9e48) thrown at [./src/hotspot/share/prims/jni.cpp, line 615]
Event: 10699.820 Thread 0x0000000066b78000 Exception <a 'sun/nio/fs/WindowsException'{0x000000008c6eb1a8}> (0x000000008c6eb1a8) thrown at [./src/hotspot/share/prims/jni.cpp, line 615]
Event: 10700.928 Thread 0x0000000066b78000 Exception <a 'java/lang/NoSuchMethodError'{0x000000008cabeb88}: <clinit>> (0x000000008cabeb88) thrown at [./src/hotspot/share/prims/jni.cpp, line 1365]
Event: 10700.968 Thread 0x0000000066b78000 Exception <a 'java/lang/NoSuchMethodError'{0x000000008cafeb98}: <clinit>> (0x000000008cafeb98) thrown at [./src/hotspot/share/prims/jni.cpp, line 1365]
Event: 10701.149 Thread 0x0000000066b78000 Exception <a 'sun/nio/fs/WindowsException'{0x000000008c9805e8}> (0x000000008c9805e8) thrown at [./src/hotspot/share/prims/jni.cpp, line 615]
Event: 10701.196 Thread 0x00000000644c9000 Exception <a 'java/lang/NoSuchMethodError'{0x000000008c805a68}: <clinit>> (0x000000008c805a68) thrown at [./src/hotspot/share/prims/jni.cpp, line 1365]
Event: 10701.206 Thread 0x00000000644c9000 Exception <a 'java/lang/NoSuchMethodError'{0x000000008c814e28}: <clinit>> (0x000000008c814e28) thrown at [./src/hotspot/share/prims/jni.cpp, line 1365]
Event: 10701.210 Thread 0x00000000644c9000 Exception <a 'java/lang/NoSuchMethodError'{0x000000008c832928}: <clinit>> (0x000000008c832928) thrown at [./src/hotspot/share/prims/jni.cpp, line 1365]
Event: 10701.213 Thread 0x00000000644c9000 Exception <a 'java/lang/NoSuchMethodError'{0x000000008c8465d0}: <clinit>> (0x000000008c8465d0) thrown at [./src/hotspot/share/prims/jni.cpp, line 1365]
Event: 10701.213 Thread 0x00000000644c9000 Exception <a 'java/lang/NoSuchMethodError'{0x000000008c847d48}: <clinit>> (0x000000008c847d48) thrown at [./src/hotspot/share/prims/jni.cpp, line 1365]
Event: 10701.219 Thread 0x0000000066b7d800 Exception <a 'java/lang/NoSuchMethodError'{0x000000008caa6ae0}: <clinit>> (0x000000008caa6ae0) thrown at [./src/hotspot/share/prims/jni.cpp, line 1365]
Event: 10701.360 Thread 0x0000000066b7d800 Exception <a 'java/lang/NoSuchMethodError'{0x000000008c865290}: <clinit>> (0x000000008c865290) thrown at [./src/hotspot/share/prims/jni.cpp, line 1365]
Event: 10701.384 Thread 0x0000000066b7d800 Exception <a 'java/lang/NoSuchMethodError'{0x000000008c88a258}: <clinit>> (0x000000008c88a258) thrown at [./src/hotspot/share/prims/jni.cpp, line 1365]
Event: 10701.450 Thread 0x00000000644c9000 Exception <a 'java/lang/NoSuchMethodError'{0x000000008c8a9730}: <clinit>> (0x000000008c8a9730) thrown at [./src/hotspot/share/prims/jni.cpp, line 1365]

Events (20 events):
Event: 10729.714 Executing VM operation: G1CollectForAllocation done
Event: 10729.962 loading class com/android/ide/common/resources/MergedResourceWriter$1
Event: 10729.962 loading class com/android/ide/common/resources/MergedResourceWriter$1 done
Event: 10730.395 Executing VM operation: G1CollectForAllocation
Event: 10730.721 Executing VM operation: G1CollectForAllocation done
Event: 10731.465 Executing VM operation: CGC_Operation
Event: 10731.514 Executing VM operation: CGC_Operation done
Event: 10731.601 Executing VM operation: RevokeBias
Event: 10731.602 Executing VM operation: RevokeBias done
Event: 10731.605 loading class com/android/ide/common/blame/MergingLogPersistUtil$SourcePositionsSerializer
Event: 10731.605 loading class com/android/ide/common/blame/MergingLogPersistUtil$SourcePositionsSerializer done
Event: 10731.606 Executing VM operation: RevokeBias
Event: 10731.607 Executing VM operation: RevokeBias done
Event: 10731.625 loading class com/android/ide/common/blame/MergingLogPersistUtil$SourcePositionsSerializer$Kind
Event: 10731.625 loading class com/android/ide/common/blame/MergingLogPersistUtil$SourcePositionsSerializer$Kind done
Event: 10731.865 Executing VM operation: CGC_Operation
Event: 10731.866 Executing VM operation: CGC_Operation done
Event: 10731.943 Executing VM operation: G1CollectForAllocation
Event: 10732.248 Executing VM operation: G1CollectForAllocation done
Event: 10732.655 Executing VM operation: G1CollectForAllocation


Dynamic libraries:
0x000000013f9c0000 - 0x000000013f9ca000 	D:\Android Studio\jre\bin\java.exe
0x0000000077270000 - 0x000000007741a000 	C:\Windows\SYSTEM32\ntdll.dll
0x0000000077050000 - 0x000000007716f000 	C:\Windows\system32\kernel32.dll
0x000007fefd150000 - 0x000007fefd1ba000 	C:\Windows\system32\KERNELBASE.dll
0x000007fef8840000 - 0x000007fef8859000 	D:\Android Studio\jre\bin\jli.dll
0x000007fefbba0000 - 0x000007fefbd94000 	C:\Windows\WinSxS\amd64_microsoft.windows.common-controls_6595b64144ccf1df_6.0.7601.18837_none_fa3b1e3d17594757\COMCTL32.dll
0x000007fefeb40000 - 0x000007fefebdf000 	C:\Windows\system32\msvcrt.dll
0x000007fefea00000 - 0x000007fefea67000 	C:\Windows\system32\GDI32.dll
0x0000000077170000 - 0x000000007726a000 	C:\Windows\system32\USER32.dll
0x000007fefe780000 - 0x000007fefe78e000 	C:\Windows\system32\LPK.dll
0x000007fefea70000 - 0x000007fefeb3a000 	C:\Windows\system32\USP10.dll
0x000007fefee20000 - 0x000007fefee91000 	C:\Windows\system32\SHLWAPI.dll
0x000007fef8530000 - 0x000007fef8547000 	D:\Android Studio\jre\bin\VCRUNTIME140.dll
0x000007fefab80000 - 0x000007fefab84000 	C:\Windows\system32\api-ms-win-crt-runtime-l1-1-0.dll
0x000007feef6a0000 - 0x000007feef794000 	C:\Windows\system32\ucrtbase.DLL
0x000007fefa920000 - 0x000007fefa923000 	C:\Windows\system32\api-ms-win-core-timezone-l1-1-0.dll
0x000007fef9cf0000 - 0x000007fef9cf3000 	C:\Windows\system32\api-ms-win-core-file-l2-1-0.dll
0x000007fef0a00000 - 0x000007fef0a03000 	C:\Windows\system32\api-ms-win-core-localization-l1-2-0.dll
0x000007fef77d0000 - 0x000007fef77d3000 	C:\Windows\system32\api-ms-win-core-synch-l1-2-0.dll
0x000007fef09f0000 - 0x000007fef09f3000 	C:\Windows\system32\api-ms-win-core-processthreads-l1-1-1.dll
0x000007fef09e0000 - 0x000007fef09e3000 	C:\Windows\system32\api-ms-win-core-file-l1-2-0.dll
0x000007fef09c0000 - 0x000007fef09c4000 	C:\Windows\system32\api-ms-win-crt-string-l1-1-0.dll
0x000007fef09d0000 - 0x000007fef09d3000 	C:\Windows\system32\api-ms-win-crt-heap-l1-1-0.dll
0x000007fef09b0000 - 0x000007fef09b4000 	C:\Windows\system32\api-ms-win-crt-stdio-l1-1-0.dll
0x000007fef09a0000 - 0x000007fef09a4000 	C:\Windows\system32\api-ms-win-crt-convert-l1-1-0.dll
0x000007fef0870000 - 0x000007fef0873000 	C:\Windows\system32\api-ms-win-crt-environment-l1-1-0.dll
0x000007feef680000 - 0x000007feef683000 	C:\Windows\system32\api-ms-win-crt-filesystem-l1-1-0.dll
0x000007feef690000 - 0x000007feef695000 	C:\Windows\system32\api-ms-win-crt-math-l1-1-0.dll
0x000007feef320000 - 0x000007feef323000 	C:\Windows\system32\api-ms-win-crt-locale-l1-1-0.dll
0x000007fefe470000 - 0x000007fefe49e000 	C:\Windows\system32\IMM32.DLL
0x000007fefd4f0000 - 0x000007fefd5f9000 	C:\Windows\system32\MSCTF.dll
0x000007feedea0000 - 0x000007feedf3d000 	D:\Android Studio\jre\bin\msvcp140.dll
0x000007feed240000 - 0x000007feed245000 	C:\Windows\system32\api-ms-win-crt-multibyte-l1-1-0.dll
0x000007feef670000 - 0x000007feef673000 	C:\Windows\system32\api-ms-win-crt-time-l1-1-0.dll
0x000007fef0860000 - 0x000007fef0863000 	C:\Windows\system32\api-ms-win-crt-utility-l1-1-0.dll
0x000007feef7a0000 - 0x000007fef0285000 	D:\Android Studio\jre\bin\server\jvm.dll
0x000007fefd600000 - 0x000007fefd6db000 	C:\Windows\system32\ADVAPI32.dll
0x000007fefe940000 - 0x000007fefe95f000 	C:\Windows\SYSTEM32\sechost.dll
0x000007fefe810000 - 0x000007fefe93d000 	C:\Windows\system32\RPCRT4.dll
0x000007fefab90000 - 0x000007fefab99000 	C:\Windows\system32\WSOCK32.dll
0x000007fefebe0000 - 0x000007fefec2d000 	C:\Windows\system32\WS2_32.dll
0x000007fefec30000 - 0x000007fefec38000 	C:\Windows\system32\NSI.dll
0x000007fef6cf0000 - 0x000007fef6d2b000 	C:\Windows\system32\WINMM.dll
0x000007fefc090000 - 0x000007fefc09c000 	C:\Windows\system32\VERSION.dll
0x0000000077440000 - 0x0000000077447000 	C:\Windows\system32\PSAPI.DLL
0x000007feef650000 - 0x000007feef661000 	D:\Android Studio\jre\bin\verify.dll
0x000007fef6f80000 - 0x000007fef70a5000 	C:\Windows\system32\DBGHELP.DLL
0x000007feef620000 - 0x000007feef649000 	D:\Android Studio\jre\bin\java.dll
0x000007feef610000 - 0x000007feef61b000 	D:\Android Studio\jre\bin\jimage.dll
0x000007feef5f0000 - 0x000007feef608000 	D:\Android Studio\jre\bin\zip.dll
0x000007fefd6e0000 - 0x000007fefe469000 	C:\Windows\system32\SHELL32.dll
0x000007feff290000 - 0x000007feff493000 	C:\Windows\system32\ole32.dll
0x000007fefcfb0000 - 0x000007fefcfbf000 	C:\Windows\system32\profapi.dll
0x000007feef5d0000 - 0x000007feef5ea000 	D:\Android Studio\jre\bin\net.dll
0x000007fef9700000 - 0x000007fef9771000 	C:\Windows\system32\WINHTTP.dll
0x000007fef9690000 - 0x000007fef96f5000 	C:\Windows\system32\webio.dll
0x000007fefc780000 - 0x000007fefc7d5000 	C:\Windows\system32\mswsock.dll
0x000007fefc770000 - 0x000007fefc777000 	C:\Windows\System32\wship6.dll
0x000007feef5b0000 - 0x000007feef5c4000 	D:\Android Studio\jre\bin\nio.dll
0x000007fef2f50000 - 0x000007fef2f77000 	C:\Users\acer\.gradle\native\e1d6ef7f7dcc3fd88c89a11ec53ec762bb8ba0a96d01ffa2cd45eb1d1d8dd5c5\windows-amd64\native-platform.dll
0x000007feef5a0000 - 0x000007feef5aa000 	D:\Android Studio\jre\bin\management.dll
0x000007feef590000 - 0x000007feef59d000 	D:\Android Studio\jre\bin\management_ext.dll
0x000007fefc7e0000 - 0x000007fefc7f8000 	C:\Windows\system32\CRYPTSP.dll
0x000007fefc4e0000 - 0x000007fefc527000 	C:\Windows\system32\rsaenh.dll
0x000007fefd040000 - 0x000007fefd05e000 	C:\Windows\system32\USERENV.dll
0x000007fefce40000 - 0x000007fefce4f000 	C:\Windows\system32\CRYPTBASE.dll
0x000007fefa880000 - 0x000007fefa8a7000 	C:\Windows\system32\IPHLPAPI.DLL
0x000007fefa640000 - 0x000007fefa64b000 	C:\Windows\system32\WINNSI.DLL
0x000007fefa430000 - 0x000007fefa448000 	C:\Windows\system32\dhcpcsvc.DLL
0x000007fefa410000 - 0x000007fefa421000 	C:\Windows\system32\dhcpcsvc6.DLL
0x000007fefcde0000 - 0x000007fefce37000 	C:\Windows\system32\apphelp.dll
0x000007feee8f0000 - 0x000007feee917000 	D:\Android Studio\jre\bin\sunec.dll

dbghelp: loaded successfully - version: 4.0.5 - missing functions: none
symbol engine: initialized successfully - sym options: 0x614 - pdb path: .;D:\Android Studio\jre\bin;C:\Windows\SYSTEM32;C:\Windows\WinSxS\amd64_microsoft.windows.common-controls_6595b64144ccf1df_6.0.7601.18837_none_fa3b1e3d17594757;D:\Android Studio\jre\bin\server;C:\Users\acer\.gradle\native\e1d6ef7f7dcc3fd88c89a11ec53ec762bb8ba0a96d01ffa2cd45eb1d1d8dd5c5\windows-amd64

VM Arguments:
jvm_args: --add-opens=java.base/java.util=ALL-UNNAMED --add-opens=java.base/java.lang=ALL-UNNAMED --add-opens=java.base/java.lang.invoke=ALL-UNNAMED --add-opens=java.base/java.util=ALL-UNNAMED --add-opens=java.prefs/java.util.prefs=ALL-UNNAMED --add-opens=java.prefs/java.util.prefs=ALL-UNNAMED --add-opens=java.base/java.nio.charset=ALL-UNNAMED --add-opens=java.base/java.net=ALL-UNNAMED --add-opens=java.base/java.util.concurrent.atomic=ALL-UNNAMED -Xmx2048m -Dfile.encoding=UTF-8 -Duser.country=US -Duser.language=en -Duser.variant 
java_command: org.gradle.launcher.daemon.bootstrap.GradleDaemon 7.3.3
java_class_path (initial): C:\Users\acer\.gradle\wrapper\dists\gradle-7.3.3-bin\6a41zxkdtcxs8rphpq6y0069z\gradle-7.3.3\lib\gradle-launcher-7.3.3.jar
Launcher Type: SUN_STANDARD

[Global flags]
     intx CICompilerCount                          = 3                                         {product} {ergonomic}
     uint ConcGCThreads                            = 1                                         {product} {ergonomic}
     uint G1ConcRefinementThreads                  = 4                                         {product} {ergonomic}
   size_t G1HeapRegionSize                         = 1048576                                   {product} {ergonomic}
    uintx GCDrainStackTargetSize                   = 64                                        {product} {ergonomic}
   size_t InitialHeapSize                          = 46137344                                  {product} {ergonomic}
   size_t MarkStackSize                            = 4194304                                   {product} {ergonomic}
   size_t MaxHeapSize                              = 2147483648                                {product} {command line}
   size_t MaxNewSize                               = 1287651328                                {product} {ergonomic}
   size_t MinHeapDeltaBytes                        = 1048576                                   {product} {ergonomic}
    uintx NonNMethodCodeHeapSize                   = 5830732                                {pd product} {ergonomic}
    uintx NonProfiledCodeHeapSize                  = 122913754                              {pd product} {ergonomic}
    uintx ProfiledCodeHeapSize                     = 122913754                              {pd product} {ergonomic}
    uintx ReservedCodeCacheSize                    = 251658240                              {pd product} {ergonomic}
     bool SegmentedCodeCache                       = true                                      {product} {ergonomic}
     bool UseCompressedClassPointers               = true                                 {lp64_product} {ergonomic}
     bool UseCompressedOops                        = true                                 {lp64_product} {ergonomic}
     bool UseG1GC                                  = true                                      {product} {ergonomic}
     bool UseLargePagesIndividualAllocation        = false                                  {pd product} {ergonomic}

Logging:
Log output configuration:
 #0: stdout all=warning uptime,level,tags
 #1: stderr all=off uptime,level,tags

Environment Variables:
PATH=C:\Windows\system32;C:\Windows;C:\Windows\System32\Wbem;C:\Windows\System32\WindowsPowerShell\v1.0\;C:\Program Files\nodejs\;C:\Program Files\Git\cmd;C:\Users\Public\Documents\RAD Studio\7.0\Bpl;C:\Users\acer\AppData\Local\Programs\Python\Python38\Scripts\;C:\Users\acer\AppData\Local\Programs\Python\Python38\;C:\Users\acer\AppData\Local\Programs\Python\Python37-32\Scripts\;C:\Users\acer\AppData\Local\Programs\Python\Python37-32\;C:\Users\acer\AppData\Local\Programs\Microsoft VS Code\bin;C:\Users\acer\AppData\Roaming\npm;D:\PyCharm Community Edition 2021.2.2\bin;
USERNAME=acer
OS=Windows_NT
PROCESSOR_IDENTIFIER=Intel64 Family 6 Model 37 Stepping 5, GenuineIntel



---------------  S Y S T E M  ---------------

OS: Windows 7 , 64 bit Build 7601 (6.1.7601.23572)
OS uptime: 0 days 8:00 hours

CPU:total 4 (initial active 4) (2 cores per cpu, 2 threads per core) family 6 model 37 stepping 5 microcode 0x0, cmov, cx8, fxsr, mmx, sse, sse2, sse3, ssse3, sse4.1, sse4.2, popcnt, ht, tsc, tscinvbit

Memory: 4k page, system-wide physical 2806M (85M free)
TotalPageFile size 6728M (AvailPageFile size 672M)
current process WorkingSet (physical memory assigned to process): 375M, peak: 464M
current process commit charge ("private bytes"): 688M, peak: 1364M

vm_info: OpenJDK 64-Bit Server VM (11.0.12+7-b1504.28-7817840) for windows-amd64 JRE (11.0.12+7-b1504.28-7817840), built on Oct 13 2021 22:12:33 by "builder" with MS VC++ 14.0 (VS2015)

END.
